[03-Sep-2015 02:48:11 UTC] PHP Notice:  Use of undefined constant “renaaa” - assumed '“renaaa”' in /var/www/htdocs/Rena-celebs/dbconnect.php on line 6
[03-Sep-2015 02:48:11 UTC] PHP Notice:  Use of undefined constant “uub112hahahah” - assumed '“uub112hahahah”' in /var/www/htdocs/Rena-celebs/dbconnect.php on line 7
[03-Sep-2015 02:48:11 UTC] PHP Warning:  mysqli::mysqli(): (HY000/1045): Access denied for user '“renaaa”'@'localhost' (using password: YES) in /var/www/htdocs/Rena-celebs/dbconnect.php on line 11
[03-Sep-2015 02:48:11 UTC] PHP Notice:  Undefined variable: db in /var/www/htdocs/Rena-celebs/dbconnect.php on line 13
[03-Sep-2015 02:48:11 UTC] PHP Notice:  Trying to get property of non-object in /var/www/htdocs/Rena-celebs/dbconnect.php on line 13
[03-Sep-2015 02:51:22 UTC] PHP Notice:  Use of undefined constant “renaaa” - assumed '“renaaa”' in /var/www/htdocs/Rena-celebs/dbconnect.php on line 6
[03-Sep-2015 02:51:22 UTC] PHP Notice:  Use of undefined constant “uub112hahahah” - assumed '“uub112hahahah”' in /var/www/htdocs/Rena-celebs/dbconnect.php on line 7
[03-Sep-2015 02:51:22 UTC] PHP Warning:  mysqli::mysqli(): (HY000/1045): Access denied for user '“renaaa”'@'localhost' (using password: YES) in /var/www/htdocs/Rena-celebs/dbconnect.php on line 11
[03-Sep-2015 02:51:22 UTC] PHP Notice:  Undefined variable: db in /var/www/htdocs/Rena-celebs/dbconnect.php on line 13
[03-Sep-2015 02:51:22 UTC] PHP Notice:  Trying to get property of non-object in /var/www/htdocs/Rena-celebs/dbconnect.php on line 13
[03-Sep-2015 02:51:36 UTC] PHP Warning:  Unknown: failed to open stream: Permission denied in Unknown on line 0
[03-Sep-2015 02:51:53 UTC] PHP Warning:  mysqli::mysqli(): (HY000/1045): Access denied for user 'Lilly'@'localhost' (using password: YES) in /var/www/htdocs/Lilly-celebs/dbconnect.php on line 11
[03-Sep-2015 02:51:53 UTC] PHP Notice:  Undefined variable: db in /var/www/htdocs/Lilly-celebs/dbconnect.php on line 13
[03-Sep-2015 02:51:53 UTC] PHP Notice:  Trying to get property of non-object in /var/www/htdocs/Lilly-celebs/dbconnect.php on line 13
[03-Sep-2015 02:52:47 UTC] All ready to go
[03-Sep-2015 02:52:47 UTC] All ready to go
[03-Sep-2015 02:52:56 UTC] PHP Notice:  Use of undefined constant “renaaa” - assumed '“renaaa”' in /var/www/htdocs/Rena-celebs/dbconnect.php on line 6
[03-Sep-2015 02:52:56 UTC] PHP Notice:  Use of undefined constant “uub112hahahah” - assumed '“uub112hahahah”' in /var/www/htdocs/Rena-celebs/dbconnect.php on line 7
[03-Sep-2015 02:52:56 UTC] PHP Warning:  mysqli::mysqli(): (HY000/1045): Access denied for user '“renaaa”'@'localhost' (using password: YES) in /var/www/htdocs/Rena-celebs/dbconnect.php on line 11
[03-Sep-2015 02:52:56 UTC] PHP Notice:  Undefined variable: db in /var/www/htdocs/Rena-celebs/dbconnect.php on line 13
[03-Sep-2015 02:52:56 UTC] PHP Notice:  Trying to get property of non-object in /var/www/htdocs/Rena-celebs/dbconnect.php on line 13
[03-Sep-2015 02:53:10 UTC] All ready to go
[03-Sep-2015 02:53:17 UTC] PHP Warning:  mysqli::mysqli(): (HY000/1045): Access denied for user 'Lilly'@'localhost' (using password: YES) in /var/www/htdocs/Lilly-celebs/dbconnect.php on line 11
[03-Sep-2015 02:53:17 UTC] PHP Notice:  Undefined variable: db in /var/www/htdocs/Lilly-celebs/dbconnect.php on line 13
[03-Sep-2015 02:53:17 UTC] PHP Notice:  Trying to get property of non-object in /var/www/htdocs/Lilly-celebs/dbconnect.php on line 13
[03-Sep-2015 02:53:20 UTC] PHP Warning:  mysqli::mysqli(): (HY000/1045): Access denied for user 'Lilly'@'localhost' (using password: YES) in /var/www/htdocs/Lilly-celebs/dbconnect.php on line 11
[03-Sep-2015 02:53:20 UTC] PHP Notice:  Undefined variable: db in /var/www/htdocs/Lilly-celebs/dbconnect.php on line 13
[03-Sep-2015 02:53:20 UTC] PHP Notice:  Trying to get property of non-object in /var/www/htdocs/Lilly-celebs/dbconnect.php on line 13
[03-Sep-2015 02:53:22 UTC] PHP Warning:  mysqli::mysqli(): (HY000/1045): Access denied for user 'Lilly'@'localhost' (using password: YES) in /var/www/htdocs/Lilly-celebs/dbconnect.php on line 11
[03-Sep-2015 02:53:22 UTC] PHP Notice:  Undefined variable: db in /var/www/htdocs/Lilly-celebs/dbconnect.php on line 13
[03-Sep-2015 02:53:22 UTC] PHP Notice:  Trying to get property of non-object in /var/www/htdocs/Lilly-celebs/dbconnect.php on line 13
[03-Sep-2015 02:53:32 UTC] PHP Warning:  mysqli::mysqli(): (HY000/1045): Access denied for user 'Lilly'@'localhost' (using password: YES) in /var/www/htdocs/Lilly-celebs/dbconnect.php on line 11
[03-Sep-2015 02:53:32 UTC] PHP Notice:  Undefined variable: db in /var/www/htdocs/Lilly-celebs/dbconnect.php on line 13
[03-Sep-2015 02:53:32 UTC] PHP Notice:  Trying to get property of non-object in /var/www/htdocs/Lilly-celebs/dbconnect.php on line 13
[03-Sep-2015 02:53:37 UTC] PHP Notice:  Use of undefined constant “renaaa” - assumed '“renaaa”' in /var/www/htdocs/Rena-celebs/dbconnect.php on line 6
[03-Sep-2015 02:53:37 UTC] PHP Notice:  Use of undefined constant “uub112hahahah” - assumed '“uub112hahahah”' in /var/www/htdocs/Rena-celebs/dbconnect.php on line 7
[03-Sep-2015 02:53:37 UTC] PHP Warning:  mysqli::mysqli(): (HY000/1045): Access denied for user '“renaaa”'@'localhost' (using password: YES) in /var/www/htdocs/Rena-celebs/dbconnect.php on line 11
[03-Sep-2015 02:53:37 UTC] PHP Notice:  Undefined variable: db in /var/www/htdocs/Rena-celebs/dbconnect.php on line 13
[03-Sep-2015 02:53:37 UTC] PHP Notice:  Trying to get property of non-object in /var/www/htdocs/Rena-celebs/dbconnect.php on line 13
[03-Sep-2015 02:53:47 UTC] PHP Warning:  mysqli::mysqli(): (HY000/1045): Access denied for user 'Lilly'@'localhost' (using password: YES) in /var/www/htdocs/Lilly-celebs/dbconnect.php on line 11
[03-Sep-2015 02:53:47 UTC] PHP Notice:  Undefined variable: db in /var/www/htdocs/Lilly-celebs/dbconnect.php on line 13
[03-Sep-2015 02:53:47 UTC] PHP Notice:  Trying to get property of non-object in /var/www/htdocs/Lilly-celebs/dbconnect.php on line 13
[03-Sep-2015 02:53:54 UTC] PHP Warning:  mysqli::mysqli(): (HY000/1045): Access denied for user 'Lilly'@'localhost' (using password: YES) in /var/www/htdocs/Lilly-celebs/dbconnect.php on line 11
[03-Sep-2015 02:53:54 UTC] PHP Notice:  Undefined variable: db in /var/www/htdocs/Lilly-celebs/dbconnect.php on line 13
[03-Sep-2015 02:53:54 UTC] PHP Notice:  Trying to get property of non-object in /var/www/htdocs/Lilly-celebs/dbconnect.php on line 13
[03-Sep-2015 02:53:59 UTC] All ready to go
[03-Sep-2015 02:54:06 UTC] PHP Warning:  mysqli::mysqli(): (HY000/1045): Access denied for user 'Lilly'@'localhost' (using password: YES) in /var/www/htdocs/Lilly-celebs/dbconnect.php on line 11
[03-Sep-2015 02:54:06 UTC] PHP Notice:  Undefined variable: db in /var/www/htdocs/Lilly-celebs/dbconnect.php on line 13
[03-Sep-2015 02:54:06 UTC] PHP Notice:  Trying to get property of non-object in /var/www/htdocs/Lilly-celebs/dbconnect.php on line 13
[03-Sep-2015 02:54:57 UTC] All ready to go
[03-Sep-2015 02:55:02 UTC] PHP Notice:  Use of undefined constant “renaaa” - assumed '“renaaa”' in /var/www/htdocs/Rena-celebs/dbconnect.php on line 6
[03-Sep-2015 02:55:02 UTC] PHP Notice:  Use of undefined constant “uub112hahahah” - assumed '“uub112hahahah”' in /var/www/htdocs/Rena-celebs/dbconnect.php on line 7
[03-Sep-2015 02:55:02 UTC] PHP Warning:  mysqli::mysqli(): (HY000/1045): Access denied for user '“renaaa”'@'localhost' (using password: YES) in /var/www/htdocs/Rena-celebs/dbconnect.php on line 11
[03-Sep-2015 02:55:02 UTC] PHP Notice:  Undefined variable: db in /var/www/htdocs/Rena-celebs/dbconnect.php on line 13
[03-Sep-2015 02:55:02 UTC] PHP Notice:  Trying to get property of non-object in /var/www/htdocs/Rena-celebs/dbconnect.php on line 13
[03-Sep-2015 02:55:04 UTC] PHP Notice:  Use of undefined constant “renaaa” - assumed '“renaaa”' in /var/www/htdocs/Rena-celebs/dbconnect.php on line 6
[03-Sep-2015 02:55:04 UTC] PHP Notice:  Use of undefined constant “uub112hahahah” - assumed '“uub112hahahah”' in /var/www/htdocs/Rena-celebs/dbconnect.php on line 7
[03-Sep-2015 02:55:04 UTC] PHP Warning:  mysqli::mysqli(): (HY000/1045): Access denied for user '“renaaa”'@'localhost' (using password: YES) in /var/www/htdocs/Rena-celebs/dbconnect.php on line 11
[03-Sep-2015 02:55:04 UTC] PHP Notice:  Undefined variable: db in /var/www/htdocs/Rena-celebs/dbconnect.php on line 13
[03-Sep-2015 02:55:04 UTC] PHP Notice:  Trying to get property of non-object in /var/www/htdocs/Rena-celebs/dbconnect.php on line 13
[03-Sep-2015 02:56:55 UTC] PHP Warning:  mysqli::mysqli(): (HY000/1045): Access denied for user 'renaaa'@'localhost' (using password: YES) in /var/www/htdocs/Rena-celebs/dbconnect.php on line 11
[03-Sep-2015 02:56:55 UTC] PHP Notice:  Undefined variable: db in /var/www/htdocs/Rena-celebs/dbconnect.php on line 13
[03-Sep-2015 02:56:55 UTC] PHP Notice:  Trying to get property of non-object in /var/www/htdocs/Rena-celebs/dbconnect.php on line 13
[03-Sep-2015 02:56:59 UTC] PHP Warning:  mysqli::mysqli(): (HY000/1045): Access denied for user 'renaaa'@'localhost' (using password: YES) in /var/www/htdocs/Rena-celebs/dbconnect.php on line 11
[03-Sep-2015 02:56:59 UTC] PHP Notice:  Undefined variable: db in /var/www/htdocs/Rena-celebs/dbconnect.php on line 13
[03-Sep-2015 02:56:59 UTC] PHP Notice:  Trying to get property of non-object in /var/www/htdocs/Rena-celebs/dbconnect.php on line 13
[03-Sep-2015 02:58:04 UTC] PHP Warning:  mysqli::mysqli(): (HY000/1045): Access denied for user 'renaaa'@'localhost' (using password: YES) in /var/www/htdocs/Rena-celebs/dbconnect.php on line 11
[03-Sep-2015 02:58:04 UTC] PHP Notice:  Undefined variable: db in /var/www/htdocs/Rena-celebs/dbconnect.php on line 13
[03-Sep-2015 02:58:04 UTC] PHP Notice:  Trying to get property of non-object in /var/www/htdocs/Rena-celebs/dbconnect.php on line 13
[03-Sep-2015 02:58:43 UTC] All ready to go
[03-Sep-2015 02:59:53 UTC] All ready to go
[03-Sep-2015 03:03:47 UTC] All ready to go
[03-Sep-2015 03:05:35 UTC] All ready to go
[03-Sep-2015 03:05:35 UTC] PHP Notice:  Undefined index: url in /var/www/htdocs/Lilly-celebs/celebs.php on line 91
[03-Sep-2015 03:05:35 UTC] PHP Notice:  Undefined index: url in /var/www/htdocs/Lilly-celebs/celebs.php on line 91
[03-Sep-2015 03:05:35 UTC] PHP Notice:  Undefined index: url in /var/www/htdocs/Lilly-celebs/celebs.php on line 91
[03-Sep-2015 03:05:35 UTC] PHP Notice:  Undefined index: url in /var/www/htdocs/Lilly-celebs/celebs.php on line 91
[03-Sep-2015 03:05:48 UTC] All ready to go
[03-Sep-2015 03:05:48 UTC] PHP Notice:  Undefined index: URL in /var/www/htdocs/Felix-celebs/celebs.php on line 91
[03-Sep-2015 03:05:48 UTC] PHP Notice:  Undefined index: URL in /var/www/htdocs/Felix-celebs/celebs.php on line 91
[03-Sep-2015 03:05:48 UTC] PHP Notice:  Undefined index: URL in /var/www/htdocs/Felix-celebs/celebs.php on line 91
[03-Sep-2015 03:05:48 UTC] PHP Notice:  Undefined index: URL in /var/www/htdocs/Felix-celebs/celebs.php on line 91
[03-Sep-2015 03:07:50 UTC] All ready to go
[03-Sep-2015 03:08:28 UTC] All ready to go
[03-Sep-2015 03:14:36 UTC] All ready to go
[03-Sep-2015 03:14:36 UTC] SELECT * FROM people WHERE ID=1
[03-Sep-2015 03:15:06 UTC] All ready to go
[03-Sep-2015 03:15:10 UTC] All ready to go
[03-Sep-2015 03:15:10 UTC] SELECT * FROM people WHERE ID=1
[03-Sep-2015 03:15:19 UTC] All ready to go
[03-Sep-2015 03:15:20 UTC] All ready to go
[03-Sep-2015 03:15:20 UTC] SELECT * FROM people WHERE ID=1
[03-Sep-2015 03:15:25 UTC] All ready to go
[03-Sep-2015 03:15:25 UTC] SELECT * FROM people WHERE ID=2
[03-Sep-2015 03:24:20 UTC] All ready to go
[03-Sep-2015 03:24:20 UTC] SELECT * FROM people WHERE ID=1
[03-Sep-2015 03:24:22 UTC] All ready to go
[03-Sep-2015 03:24:23 UTC] All ready to go
[03-Sep-2015 03:24:23 UTC] SELECT * FROM people WHERE ID=2
[03-Sep-2015 03:24:24 UTC] All ready to go
[03-Sep-2015 03:26:50 UTC] All ready to go
[03-Sep-2015 03:26:50 UTC] SELECT * FROM people WHERE ID=4
[03-Sep-2015 03:57:07 UTC] All ready to go
[03-Sep-2015 03:57:09 UTC] All ready to go
[03-Sep-2015 03:57:09 UTC] SELECT * FROM people WHERE ID=1
[24-Sep-2015 02:35:58 UTC] PHP Fatal error:  Call to undefined function mysql_connet() in /var/www/htdocs/Lyndon/base.php on line 10
[24-Sep-2015 02:36:49 UTC] PHP Fatal error:  Call to undefined function mysql_connet() in /var/www/htdocs/Lyndon/base.php on line 10
[24-Sep-2015 02:38:07 UTC] PHP Fatal error:  Call to undefined function mysql_connet() in /var/www/htdocs/Lyndon/base.php on line 10
[24-Sep-2015 02:38:42 UTC] PHP Fatal error:  Call to undefined function mysql_connet() in /var/www/htdocs/Lyndon/base.php on line 10
[24-Sep-2015 02:39:19 UTC] PHP Fatal error:  Call to undefined function mysql_connet() in /var/www/htdocs/Lyndon/base.php on line 10
[24-Sep-2015 02:40:25 UTC] PHP Fatal error:  Call to undefined function mysql_connet() in /var/www/htdocs/Lyndon/base.php on line 10
[24-Sep-2015 02:43:13 UTC] PHP Parse error:  syntax error, unexpected 'post' (T_STRING), expecting ',' or ';' in /var/www/htdocs/Lyndon/register.php on line 38
[24-Sep-2015 02:43:22 UTC] PHP Parse error:  syntax error, unexpected 'post' (T_STRING), expecting ',' or ';' in /var/www/htdocs/Lyndon/register.php on line 38
[24-Sep-2015 02:44:56 UTC] PHP Parse error:  syntax error, unexpected 'post' (T_STRING), expecting ',' or ';' in /var/www/htdocs/Lyndon/register.php on line 38
[24-Sep-2015 02:45:02 UTC] PHP Parse error:  syntax error, unexpected 'post' (T_STRING), expecting ',' or ';' in /var/www/htdocs/Lyndon/register.php on line 38
[24-Sep-2015 02:45:30 UTC] PHP Parse error:  syntax error, unexpected 'post' (T_STRING), expecting ',' or ';' in /var/www/htdocs/Lyndon/register.php on line 38
[24-Sep-2015 02:45:40 UTC] PHP Parse error:  syntax error, unexpected 'post' (T_STRING), expecting ',' or ';' in /var/www/htdocs/Lyndon/register.php on line 38
[24-Sep-2015 02:46:13 UTC] PHP Parse error:  syntax error, unexpected 'post' (T_STRING), expecting ',' or ';' in /var/www/htdocs/Lyndon/register.php on line 38
[24-Sep-2015 02:46:41 UTC] PHP Parse error:  syntax error, unexpected 'post' (T_STRING), expecting ',' or ';' in /var/www/htdocs/Lyndon/register.php on line 38
[24-Sep-2015 02:49:04 UTC] PHP Parse error:  syntax error, unexpected 'post' (T_STRING), expecting ',' or ';' in /var/www/htdocs/Lyndon/register.php on line 38
[24-Sep-2015 02:52:01 UTC] PHP Parse error:  syntax error, unexpected 'post' (T_STRING), expecting ',' or ';' in /var/www/htdocs/Lyndon/register.php on line 45
[24-Sep-2015 02:55:39 UTC] PHP Parse error:  syntax error, unexpected 'post' (T_STRING), expecting ',' or ';' in /var/www/htdocs/Lyndon/register.php on line 44
[24-Sep-2015 02:55:50 UTC] PHP Parse error:  syntax error, unexpected 'post' (T_STRING), expecting ',' or ';' in /var/www/htdocs/Lyndon/register.php on line 44
[24-Sep-2015 02:58:30 UTC] PHP Parse error:  syntax error, unexpected 'post' (T_STRING), expecting ',' or ';' in /var/www/htdocs/Lyndon/register.php on line 44
[24-Sep-2015 03:01:42 UTC] PHP Notice:  Undefined variable: dbpass in /var/www/htdocs/Lyndon/base.php on line 10
[24-Sep-2015 03:01:42 UTC] PHP Warning:  mysql_connect(): Access denied for user 'Lyndon'@'localhost' (using password: NO) in /var/www/htdocs/Lyndon/base.php on line 10
[24-Sep-2015 03:03:11 UTC] PHP Notice:  Undefined variable: dbpass in /var/www/htdocs/Lyndon/base.php on line 10
[24-Sep-2015 03:03:11 UTC] PHP Warning:  mysql_connect(): Access denied for user 'Lyndon'@'localhost' (using password: NO) in /var/www/htdocs/Lyndon/base.php on line 10
[24-Sep-2015 03:05:29 UTC] PHP Notice:  Undefined variable: dbpass in /var/www/htdocs/Lyndon/base.php on line 10
[24-Sep-2015 03:05:29 UTC] PHP Warning:  mysql_connect(): Access denied for user 'Lyndon'@'localhost' (using password: NO) in /var/www/htdocs/Lyndon/base.php on line 10
[24-Sep-2015 03:07:21 UTC] PHP Warning:  mysqli::mysqli(): (HY000/1045): Access denied for user 'Lyndon'@'localhost' (using password: YES) in /var/www/htdocs/Lyndon/dbconnect.php on line 11
[24-Sep-2015 03:07:21 UTC] PHP Notice:  Undefined variable: db in /var/www/htdocs/Lyndon/dbconnect.php on line 13
[24-Sep-2015 03:07:21 UTC] PHP Notice:  Trying to get property of non-object in /var/www/htdocs/Lyndon/dbconnect.php on line 13
[24-Sep-2015 03:08:42 UTC] All ready to go
[24-Sep-2015 03:10:37 UTC] PHP Parse error:  syntax error, unexpected 'post' (T_STRING), expecting ',' or ';' in /var/www/htdocs/Lyndon/register.php on line 44
[24-Sep-2015 03:14:41 UTC] PHP Parse error:  syntax error, unexpected 'post' (T_STRING), expecting ',' or ';' in /var/www/htdocs/Lyndon/register.php on line 46
[24-Sep-2015 03:17:37 UTC] PHP Parse error:  syntax error, unexpected 'POST' (T_STRING), expecting ',' or ';' in /var/www/htdocs/Lyndon/register.php on line 46
[24-Sep-2015 03:22:49 UTC] This first if Statement is not executing
[24-Sep-2015 03:26:55 UTC] This first if Statement is not executing
[24-Sep-2015 03:27:32 UTC] This first if Statement is not executing
[24-Sep-2015 03:37:00 UTC] This first if Statement is not executing
[24-Sep-2015 03:40:15 UTC] This first if Statement is not executing
[29-Sep-2015 00:52:34 UTC] PHP Fatal error:  Call to a member function getThemeCookie() on a non-object in /var/www/phpmyadmin/libraries/Config.class.php on line 979
[29-Sep-2015 00:52:34 UTC] PHP Fatal error:  Call to a member function getPath() on a non-object in /var/www/phpmyadmin/libraries/Util.class.php on line 182
[29-Sep-2015 01:56:22 UTC] PHP Notice:  Array to string conversion in /var/www/htdocs/base.php on line 33
[29-Sep-2015 01:56:46 UTC] PHP Notice:  Undefined offset: 0 in /var/www/htdocs/base.php on line 33
[29-Sep-2015 01:56:57 UTC] PHP Notice:  Undefined offset: 0 in /var/www/htdocs/base.php on line 33
[29-Sep-2015 01:57:03 UTC] PHP Notice:  Array to string conversion in /var/www/htdocs/base.php on line 33
[29-Sep-2015 02:02:14 UTC] PHP Notice:  Undefined variable: _SESSION in /var/www/htdocs/index.php on line 41
[29-Sep-2015 02:02:14 UTC] PHP Notice:  Undefined variable: _dbhost in /var/www/htdocs/index.php on line 42
[29-Sep-2015 02:02:14 UTC] PHP Notice:  Undefined variable: _dbname in /var/www/htdocs/index.php on line 43
[29-Sep-2015 02:03:10 UTC] PHP Notice:  Undefined variable: _SESSION in /var/www/htdocs/index.php on line 41
[29-Sep-2015 02:03:10 UTC] PHP Notice:  Undefined variable: _dbhost in /var/www/htdocs/index.php on line 42
[29-Sep-2015 02:03:10 UTC] PHP Notice:  Undefined variable: _dbname in /var/www/htdocs/index.php on line 43
[29-Sep-2015 02:05:43 UTC] PHP Notice:  Undefined variable: _SESSION in /var/www/htdocs/index.php on line 41
[29-Sep-2015 02:05:43 UTC] PHP Notice:  Undefined variable: _dbhost in /var/www/htdocs/index.php on line 42
[29-Sep-2015 02:05:43 UTC] PHP Notice:  Undefined variable: _dbname in /var/www/htdocs/index.php on line 43
[29-Sep-2015 02:13:25 UTC] PHP Notice:  Undefined variable: _SESSION in /var/www/htdocs/index.php on line 41
[29-Sep-2015 02:13:25 UTC] PHP Notice:  Undefined variable: _SESSION in /var/www/htdocs/index.php on line 42
[29-Sep-2015 02:13:25 UTC] PHP Notice:  Undefined variable: _SESSION in /var/www/htdocs/index.php on line 43
[29-Sep-2015 02:16:55 UTC] PHP Notice:  Undefined variable: _SESSION in /var/www/htdocs/index.php on line 41
[29-Sep-2015 02:16:55 UTC] PHP Notice:  Undefined variable: _SESSION in /var/www/htdocs/index.php on line 42
[29-Sep-2015 02:16:55 UTC] PHP Notice:  Undefined variable: _SESSION in /var/www/htdocs/index.php on line 43
[29-Sep-2015 02:17:04 UTC] PHP Notice:  Undefined variable: _SESSION in /var/www/htdocs/index.php on line 41
[29-Sep-2015 02:17:04 UTC] PHP Notice:  Undefined variable: _SESSION in /var/www/htdocs/index.php on line 42
[29-Sep-2015 02:17:04 UTC] PHP Notice:  Undefined variable: _SESSION in /var/www/htdocs/index.php on line 43
[29-Sep-2015 02:20:10 UTC] PHP Notice:  Undefined variable: _SESSION in /var/www/htdocs/index.php on line 41
[29-Sep-2015 02:20:10 UTC] PHP Notice:  Undefined variable: _SESSION in /var/www/htdocs/index.php on line 42
[29-Sep-2015 02:20:10 UTC] PHP Notice:  Undefined variable: _SESSION in /var/www/htdocs/index.php on line 43
[29-Sep-2015 02:20:17 UTC] PHP Notice:  Undefined variable: _SESSION in /var/www/htdocs/index.php on line 41
[29-Sep-2015 02:20:17 UTC] PHP Notice:  Undefined variable: _SESSION in /var/www/htdocs/index.php on line 42
[29-Sep-2015 02:20:17 UTC] PHP Notice:  Undefined variable: _SESSION in /var/www/htdocs/index.php on line 43
[29-Sep-2015 02:20:23 UTC] PHP Notice:  Undefined variable: _SESSION in /var/www/htdocs/index.php on line 41
[29-Sep-2015 02:20:23 UTC] PHP Notice:  Undefined variable: _SESSION in /var/www/htdocs/index.php on line 42
[29-Sep-2015 02:20:23 UTC] PHP Notice:  Undefined variable: _SESSION in /var/www/htdocs/index.php on line 43
[29-Sep-2015 02:25:46 UTC] PHP Notice:  Undefined variable: _SESSION in /var/www/htdocs/index.php on line 41
[29-Sep-2015 02:25:46 UTC] PHP Notice:  Undefined variable: _SESSION in /var/www/htdocs/index.php on line 42
[29-Sep-2015 02:25:46 UTC] PHP Notice:  Undefined variable: _SESSION in /var/www/htdocs/index.php on line 43
[29-Sep-2015 02:25:46 UTC] PHP Warning:  mysql_real_escape_string(): Access denied for user ''@'localhost' (using password: NO) in /var/www/htdocs/index.php on line 55
[29-Sep-2015 02:25:46 UTC] PHP Warning:  mysql_real_escape_string(): A link to the server could not be established in /var/www/htdocs/index.php on line 55
[29-Sep-2015 02:25:46 UTC] PHP Warning:  mysql_real_escape_string(): Access denied for user ''@'localhost' (using password: NO) in /var/www/htdocs/index.php on line 56
[29-Sep-2015 02:25:46 UTC] PHP Warning:  mysql_real_escape_string(): A link to the server could not be established in /var/www/htdocs/index.php on line 56
[29-Sep-2015 02:25:46 UTC] PHP Warning:  mysql_query(): Access denied for user ''@'localhost' (using password: NO) in /var/www/htdocs/index.php on line 58
[29-Sep-2015 02:25:46 UTC] PHP Warning:  mysql_query(): A link to the server could not be established in /var/www/htdocs/index.php on line 58
[29-Sep-2015 02:25:46 UTC] PHP Warning:  mysql_num_rows() expects parameter 1 to be resource, boolean given in /var/www/htdocs/index.php on line 60
[29-Sep-2015 02:26:04 UTC] PHP Notice:  Undefined variable: _SESSION in /var/www/htdocs/index.php on line 41
[29-Sep-2015 02:26:04 UTC] PHP Notice:  Undefined variable: _SESSION in /var/www/htdocs/index.php on line 42
[29-Sep-2015 02:26:04 UTC] PHP Notice:  Undefined variable: _SESSION in /var/www/htdocs/index.php on line 43
[29-Sep-2015 02:26:04 UTC] PHP Notice:  Undefined variable: _SESSION in /var/www/htdocs/index.php on line 41
[29-Sep-2015 02:26:04 UTC] PHP Notice:  Undefined variable: _SESSION in /var/www/htdocs/index.php on line 42
[29-Sep-2015 02:26:04 UTC] PHP Notice:  Undefined variable: _SESSION in /var/www/htdocs/index.php on line 43
[29-Sep-2015 02:26:08 UTC] PHP Notice:  Undefined variable: _SESSION in /var/www/htdocs/index.php on line 41
[29-Sep-2015 02:26:08 UTC] PHP Notice:  Undefined variable: _SESSION in /var/www/htdocs/index.php on line 42
[29-Sep-2015 02:26:08 UTC] PHP Notice:  Undefined variable: _SESSION in /var/www/htdocs/index.php on line 43
[29-Sep-2015 02:26:15 UTC] PHP Notice:  Undefined variable: _SESSION in /var/www/htdocs/index.php on line 41
[29-Sep-2015 02:26:15 UTC] PHP Notice:  Undefined variable: _SESSION in /var/www/htdocs/index.php on line 42
[29-Sep-2015 02:26:15 UTC] PHP Notice:  Undefined variable: _SESSION in /var/www/htdocs/index.php on line 43
[29-Sep-2015 02:26:19 UTC] PHP Notice:  Undefined variable: _SESSION in /var/www/htdocs/index.php on line 41
[29-Sep-2015 02:26:19 UTC] PHP Notice:  Undefined variable: _SESSION in /var/www/htdocs/index.php on line 42
[29-Sep-2015 02:26:19 UTC] PHP Notice:  Undefined variable: _SESSION in /var/www/htdocs/index.php on line 43
[29-Sep-2015 02:26:28 UTC] PHP Notice:  Undefined variable: _SESSION in /var/www/htdocs/index.php on line 41
[29-Sep-2015 02:26:28 UTC] PHP Notice:  Undefined variable: _SESSION in /var/www/htdocs/index.php on line 42
[29-Sep-2015 02:26:28 UTC] PHP Notice:  Undefined variable: _SESSION in /var/www/htdocs/index.php on line 43
[29-Sep-2015 02:26:47 UTC] PHP Notice:  Undefined variable: _SESSION in /var/www/htdocs/index.php on line 41
[29-Sep-2015 02:26:47 UTC] PHP Notice:  Undefined variable: _SESSION in /var/www/htdocs/index.php on line 42
[29-Sep-2015 02:26:47 UTC] PHP Notice:  Undefined variable: _SESSION in /var/www/htdocs/index.php on line 43
[29-Sep-2015 02:26:57 UTC] PHP Notice:  Undefined variable: _SESSION in /var/www/htdocs/index.php on line 41
[29-Sep-2015 02:26:57 UTC] PHP Notice:  Undefined variable: _SESSION in /var/www/htdocs/index.php on line 42
[29-Sep-2015 02:26:57 UTC] PHP Notice:  Undefined variable: _SESSION in /var/www/htdocs/index.php on line 43
[29-Sep-2015 02:26:57 UTC] PHP Warning:  mysql_real_escape_string(): Access denied for user ''@'localhost' (using password: NO) in /var/www/htdocs/index.php on line 55
[29-Sep-2015 02:26:57 UTC] PHP Warning:  mysql_real_escape_string(): A link to the server could not be established in /var/www/htdocs/index.php on line 55
[29-Sep-2015 02:26:57 UTC] PHP Warning:  mysql_real_escape_string(): Access denied for user ''@'localhost' (using password: NO) in /var/www/htdocs/index.php on line 56
[29-Sep-2015 02:26:57 UTC] PHP Warning:  mysql_real_escape_string(): A link to the server could not be established in /var/www/htdocs/index.php on line 56
[29-Sep-2015 02:26:57 UTC] PHP Warning:  mysql_query(): Access denied for user ''@'localhost' (using password: NO) in /var/www/htdocs/index.php on line 58
[29-Sep-2015 02:26:57 UTC] PHP Warning:  mysql_query(): A link to the server could not be established in /var/www/htdocs/index.php on line 58
[29-Sep-2015 02:26:57 UTC] PHP Warning:  mysql_num_rows() expects parameter 1 to be resource, boolean given in /var/www/htdocs/index.php on line 60
[29-Sep-2015 02:27:46 UTC] PHP Notice:  Undefined variable: _SESSION in /var/www/htdocs/index.php on line 41
[29-Sep-2015 02:27:46 UTC] PHP Notice:  Undefined variable: _SESSION in /var/www/htdocs/index.php on line 42
[29-Sep-2015 02:27:46 UTC] PHP Notice:  Undefined variable: _SESSION in /var/www/htdocs/index.php on line 43
[29-Sep-2015 02:27:46 UTC] PHP Notice:  Undefined variable: _SESSION in /var/www/htdocs/index.php on line 41
[29-Sep-2015 02:27:46 UTC] PHP Notice:  Undefined variable: _SESSION in /var/www/htdocs/index.php on line 42
[29-Sep-2015 02:27:46 UTC] PHP Notice:  Undefined variable: _SESSION in /var/www/htdocs/index.php on line 43
[29-Sep-2015 02:27:48 UTC] PHP Notice:  Undefined variable: _SESSION in /var/www/htdocs/index.php on line 41
[29-Sep-2015 02:27:48 UTC] PHP Notice:  Undefined variable: _SESSION in /var/www/htdocs/index.php on line 42
[29-Sep-2015 02:27:48 UTC] PHP Notice:  Undefined variable: _SESSION in /var/www/htdocs/index.php on line 43
[29-Sep-2015 02:27:51 UTC] PHP Notice:  Undefined variable: _SESSION in /var/www/htdocs/index.php on line 41
[29-Sep-2015 02:27:51 UTC] PHP Notice:  Undefined variable: _SESSION in /var/www/htdocs/index.php on line 42
[29-Sep-2015 02:27:51 UTC] PHP Notice:  Undefined variable: _SESSION in /var/www/htdocs/index.php on line 43
[29-Sep-2015 02:27:51 UTC] PHP Warning:  mysql_real_escape_string(): Access denied for user ''@'localhost' (using password: NO) in /var/www/htdocs/index.php on line 55
[29-Sep-2015 02:27:51 UTC] PHP Warning:  mysql_real_escape_string(): A link to the server could not be established in /var/www/htdocs/index.php on line 55
[29-Sep-2015 02:27:51 UTC] PHP Warning:  mysql_real_escape_string(): Access denied for user ''@'localhost' (using password: NO) in /var/www/htdocs/index.php on line 56
[29-Sep-2015 02:27:51 UTC] PHP Warning:  mysql_real_escape_string(): A link to the server could not be established in /var/www/htdocs/index.php on line 56
[29-Sep-2015 02:27:51 UTC] PHP Warning:  mysql_query(): Access denied for user ''@'localhost' (using password: NO) in /var/www/htdocs/index.php on line 58
[29-Sep-2015 02:27:51 UTC] PHP Warning:  mysql_query(): A link to the server could not be established in /var/www/htdocs/index.php on line 58
[29-Sep-2015 02:27:51 UTC] PHP Warning:  mysql_num_rows() expects parameter 1 to be resource, boolean given in /var/www/htdocs/index.php on line 60
[29-Sep-2015 02:28:17 UTC] PHP Notice:  Undefined variable: _SESSION in /var/www/htdocs/index.php on line 41
[29-Sep-2015 02:28:17 UTC] PHP Notice:  Undefined variable: _SESSION in /var/www/htdocs/index.php on line 42
[29-Sep-2015 02:28:17 UTC] PHP Notice:  Undefined variable: _SESSION in /var/www/htdocs/index.php on line 43
[29-Sep-2015 02:28:18 UTC] PHP Notice:  Undefined variable: _SESSION in /var/www/htdocs/index.php on line 41
[29-Sep-2015 02:28:18 UTC] PHP Notice:  Undefined variable: _SESSION in /var/www/htdocs/index.php on line 42
[29-Sep-2015 02:28:18 UTC] PHP Notice:  Undefined variable: _SESSION in /var/www/htdocs/index.php on line 43
[29-Sep-2015 02:28:21 UTC] PHP Notice:  Undefined variable: _SESSION in /var/www/htdocs/index.php on line 41
[29-Sep-2015 02:28:21 UTC] PHP Notice:  Undefined variable: _SESSION in /var/www/htdocs/index.php on line 42
[29-Sep-2015 02:28:21 UTC] PHP Notice:  Undefined variable: _SESSION in /var/www/htdocs/index.php on line 43
[29-Sep-2015 02:28:21 UTC] PHP Warning:  mysql_real_escape_string(): Access denied for user ''@'localhost' (using password: NO) in /var/www/htdocs/index.php on line 55
[29-Sep-2015 02:28:21 UTC] PHP Warning:  mysql_real_escape_string(): A link to the server could not be established in /var/www/htdocs/index.php on line 55
[29-Sep-2015 02:28:21 UTC] PHP Warning:  mysql_real_escape_string(): Access denied for user ''@'localhost' (using password: NO) in /var/www/htdocs/index.php on line 56
[29-Sep-2015 02:28:21 UTC] PHP Warning:  mysql_real_escape_string(): A link to the server could not be established in /var/www/htdocs/index.php on line 56
[29-Sep-2015 02:28:21 UTC] PHP Warning:  mysql_query(): Access denied for user ''@'localhost' (using password: NO) in /var/www/htdocs/index.php on line 58
[29-Sep-2015 02:28:21 UTC] PHP Warning:  mysql_query(): A link to the server could not be established in /var/www/htdocs/index.php on line 58
[29-Sep-2015 02:28:21 UTC] PHP Warning:  mysql_num_rows() expects parameter 1 to be resource, boolean given in /var/www/htdocs/index.php on line 60
[29-Sep-2015 02:28:24 UTC] PHP Notice:  Undefined variable: _SESSION in /var/www/htdocs/index.php on line 41
[29-Sep-2015 02:28:24 UTC] PHP Notice:  Undefined variable: _SESSION in /var/www/htdocs/index.php on line 42
[29-Sep-2015 02:28:24 UTC] PHP Notice:  Undefined variable: _SESSION in /var/www/htdocs/index.php on line 43
[29-Sep-2015 02:28:28 UTC] PHP Notice:  Undefined variable: _SESSION in /var/www/htdocs/index.php on line 41
[29-Sep-2015 02:28:28 UTC] PHP Notice:  Undefined variable: _SESSION in /var/www/htdocs/index.php on line 42
[29-Sep-2015 02:28:28 UTC] PHP Notice:  Undefined variable: _SESSION in /var/www/htdocs/index.php on line 43
[29-Sep-2015 02:28:28 UTC] PHP Warning:  mysql_real_escape_string(): Access denied for user ''@'localhost' (using password: NO) in /var/www/htdocs/index.php on line 55
[29-Sep-2015 02:28:28 UTC] PHP Warning:  mysql_real_escape_string(): A link to the server could not be established in /var/www/htdocs/index.php on line 55
[29-Sep-2015 02:28:28 UTC] PHP Warning:  mysql_real_escape_string(): Access denied for user ''@'localhost' (using password: NO) in /var/www/htdocs/index.php on line 56
[29-Sep-2015 02:28:28 UTC] PHP Warning:  mysql_real_escape_string(): A link to the server could not be established in /var/www/htdocs/index.php on line 56
[29-Sep-2015 02:28:28 UTC] PHP Warning:  mysql_query(): Access denied for user ''@'localhost' (using password: NO) in /var/www/htdocs/index.php on line 58
[29-Sep-2015 02:28:28 UTC] PHP Warning:  mysql_query(): A link to the server could not be established in /var/www/htdocs/index.php on line 58
[29-Sep-2015 02:28:28 UTC] PHP Warning:  mysql_num_rows() expects parameter 1 to be resource, boolean given in /var/www/htdocs/index.php on line 60
[29-Sep-2015 02:33:43 UTC] PHP Notice:  Undefined variable: _SESSION in /var/www/htdocs/index.php on line 41
[29-Sep-2015 02:33:43 UTC] PHP Notice:  Undefined variable: _SESSION in /var/www/htdocs/index.php on line 42
[29-Sep-2015 02:33:43 UTC] PHP Notice:  Undefined variable: _SESSION in /var/www/htdocs/index.php on line 43
[29-Sep-2015 02:33:48 UTC] PHP Notice:  Undefined variable: _SESSION in /var/www/htdocs/index.php on line 41
[29-Sep-2015 02:33:48 UTC] PHP Notice:  Undefined variable: _SESSION in /var/www/htdocs/index.php on line 42
[29-Sep-2015 02:33:48 UTC] PHP Notice:  Undefined variable: _SESSION in /var/www/htdocs/index.php on line 43
[29-Sep-2015 02:33:48 UTC] PHP Warning:  mysql_real_escape_string(): Access denied for user ''@'localhost' (using password: NO) in /var/www/htdocs/index.php on line 55
[29-Sep-2015 02:33:48 UTC] PHP Warning:  mysql_real_escape_string(): A link to the server could not be established in /var/www/htdocs/index.php on line 55
[29-Sep-2015 02:33:48 UTC] PHP Warning:  mysql_real_escape_string(): Access denied for user ''@'localhost' (using password: NO) in /var/www/htdocs/index.php on line 56
[29-Sep-2015 02:33:48 UTC] PHP Warning:  mysql_real_escape_string(): A link to the server could not be established in /var/www/htdocs/index.php on line 56
[29-Sep-2015 02:33:48 UTC] PHP Warning:  mysql_query(): Access denied for user ''@'localhost' (using password: NO) in /var/www/htdocs/index.php on line 58
[29-Sep-2015 02:33:48 UTC] PHP Warning:  mysql_query(): A link to the server could not be established in /var/www/htdocs/index.php on line 58
[29-Sep-2015 02:33:48 UTC] PHP Warning:  mysql_num_rows() expects parameter 1 to be resource, boolean given in /var/www/htdocs/index.php on line 60
[29-Sep-2015 02:34:21 UTC] PHP Notice:  Undefined variable: _SESSION in /var/www/htdocs/index.php on line 41
[29-Sep-2015 02:34:21 UTC] PHP Notice:  Undefined variable: _SESSION in /var/www/htdocs/index.php on line 42
[29-Sep-2015 02:34:21 UTC] PHP Notice:  Undefined variable: _SESSION in /var/www/htdocs/index.php on line 43
[29-Sep-2015 02:34:26 UTC] PHP Notice:  Undefined variable: _SESSION in /var/www/htdocs/index.php on line 41
[29-Sep-2015 02:34:26 UTC] PHP Notice:  Undefined variable: _SESSION in /var/www/htdocs/index.php on line 42
[29-Sep-2015 02:34:26 UTC] PHP Notice:  Undefined variable: _SESSION in /var/www/htdocs/index.php on line 43
[29-Sep-2015 02:34:26 UTC] PHP Warning:  mysql_real_escape_string(): Access denied for user ''@'localhost' (using password: NO) in /var/www/htdocs/index.php on line 55
[29-Sep-2015 02:34:26 UTC] PHP Warning:  mysql_real_escape_string(): A link to the server could not be established in /var/www/htdocs/index.php on line 55
[29-Sep-2015 02:34:26 UTC] PHP Warning:  mysql_real_escape_string(): Access denied for user ''@'localhost' (using password: NO) in /var/www/htdocs/index.php on line 56
[29-Sep-2015 02:34:26 UTC] PHP Warning:  mysql_real_escape_string(): A link to the server could not be established in /var/www/htdocs/index.php on line 56
[29-Sep-2015 02:34:26 UTC] PHP Warning:  mysql_query(): Access denied for user ''@'localhost' (using password: NO) in /var/www/htdocs/index.php on line 58
[29-Sep-2015 02:34:26 UTC] PHP Warning:  mysql_query(): A link to the server could not be established in /var/www/htdocs/index.php on line 58
[29-Sep-2015 02:34:26 UTC] PHP Warning:  mysql_num_rows() expects parameter 1 to be resource, boolean given in /var/www/htdocs/index.php on line 60
[29-Sep-2015 02:36:49 UTC] PHP Notice:  Undefined variable: _SESSION in /var/www/htdocs/index.php on line 41
[29-Sep-2015 02:36:49 UTC] PHP Notice:  Undefined variable: _SESSION in /var/www/htdocs/index.php on line 42
[29-Sep-2015 02:36:49 UTC] PHP Notice:  Undefined variable: _SESSION in /var/www/htdocs/index.php on line 43
[29-Sep-2015 02:36:53 UTC] PHP Notice:  Undefined variable: _SESSION in /var/www/htdocs/index.php on line 41
[29-Sep-2015 02:36:53 UTC] PHP Notice:  Undefined variable: _SESSION in /var/www/htdocs/index.php on line 42
[29-Sep-2015 02:36:53 UTC] PHP Notice:  Undefined variable: _SESSION in /var/www/htdocs/index.php on line 43
[29-Sep-2015 02:36:53 UTC] PHP Warning:  mysql_real_escape_string(): Access denied for user ''@'localhost' (using password: NO) in /var/www/htdocs/index.php on line 55
[29-Sep-2015 02:36:53 UTC] PHP Warning:  mysql_real_escape_string(): A link to the server could not be established in /var/www/htdocs/index.php on line 55
[29-Sep-2015 02:36:53 UTC] PHP Warning:  mysql_real_escape_string(): Access denied for user ''@'localhost' (using password: NO) in /var/www/htdocs/index.php on line 56
[29-Sep-2015 02:36:53 UTC] PHP Warning:  mysql_real_escape_string(): A link to the server could not be established in /var/www/htdocs/index.php on line 56
[29-Sep-2015 02:36:53 UTC] PHP Warning:  mysql_query(): Access denied for user ''@'localhost' (using password: NO) in /var/www/htdocs/index.php on line 58
[29-Sep-2015 02:36:53 UTC] PHP Warning:  mysql_query(): A link to the server could not be established in /var/www/htdocs/index.php on line 58
[29-Sep-2015 02:36:53 UTC] PHP Warning:  mysql_num_rows() expects parameter 1 to be resource, boolean given in /var/www/htdocs/index.php on line 60
[29-Sep-2015 02:38:06 UTC] PHP Notice:  Undefined variable: _SESSION in /var/www/htdocs/index.php on line 41
[29-Sep-2015 02:38:06 UTC] PHP Notice:  Undefined variable: _SESSION in /var/www/htdocs/index.php on line 42
[29-Sep-2015 02:38:06 UTC] PHP Notice:  Undefined variable: _SESSION in /var/www/htdocs/index.php on line 43
[29-Sep-2015 02:38:06 UTC] PHP Warning:  mysql_real_escape_string(): Access denied for user ''@'localhost' (using password: NO) in /var/www/htdocs/index.php on line 55
[29-Sep-2015 02:38:06 UTC] PHP Warning:  mysql_real_escape_string(): A link to the server could not be established in /var/www/htdocs/index.php on line 55
[29-Sep-2015 02:38:06 UTC] PHP Warning:  mysql_real_escape_string(): Access denied for user ''@'localhost' (using password: NO) in /var/www/htdocs/index.php on line 56
[29-Sep-2015 02:38:06 UTC] PHP Warning:  mysql_real_escape_string(): A link to the server could not be established in /var/www/htdocs/index.php on line 56
[29-Sep-2015 02:38:06 UTC] PHP Warning:  mysql_query(): Access denied for user ''@'localhost' (using password: NO) in /var/www/htdocs/index.php on line 58
[29-Sep-2015 02:38:06 UTC] PHP Warning:  mysql_query(): A link to the server could not be established in /var/www/htdocs/index.php on line 58
[29-Sep-2015 02:38:06 UTC] PHP Warning:  mysql_num_rows() expects parameter 1 to be resource, boolean given in /var/www/htdocs/index.php on line 60
[29-Sep-2015 02:38:10 UTC] PHP Notice:  Undefined variable: _SESSION in /var/www/htdocs/index.php on line 41
[29-Sep-2015 02:38:10 UTC] PHP Notice:  Undefined variable: _SESSION in /var/www/htdocs/index.php on line 42
[29-Sep-2015 02:38:10 UTC] PHP Notice:  Undefined variable: _SESSION in /var/www/htdocs/index.php on line 43
[29-Sep-2015 02:38:14 UTC] PHP Notice:  Undefined variable: _SESSION in /var/www/htdocs/index.php on line 41
[29-Sep-2015 02:38:14 UTC] PHP Notice:  Undefined variable: _SESSION in /var/www/htdocs/index.php on line 42
[29-Sep-2015 02:38:14 UTC] PHP Notice:  Undefined variable: _SESSION in /var/www/htdocs/index.php on line 43
[29-Sep-2015 02:38:14 UTC] PHP Warning:  mysql_real_escape_string(): Access denied for user ''@'localhost' (using password: NO) in /var/www/htdocs/index.php on line 55
[29-Sep-2015 02:38:14 UTC] PHP Warning:  mysql_real_escape_string(): A link to the server could not be established in /var/www/htdocs/index.php on line 55
[29-Sep-2015 02:38:14 UTC] PHP Warning:  mysql_real_escape_string(): Access denied for user ''@'localhost' (using password: NO) in /var/www/htdocs/index.php on line 56
[29-Sep-2015 02:38:14 UTC] PHP Warning:  mysql_real_escape_string(): A link to the server could not be established in /var/www/htdocs/index.php on line 56
[29-Sep-2015 02:38:14 UTC] PHP Warning:  mysql_query(): Access denied for user ''@'localhost' (using password: NO) in /var/www/htdocs/index.php on line 58
[29-Sep-2015 02:38:14 UTC] PHP Warning:  mysql_query(): A link to the server could not be established in /var/www/htdocs/index.php on line 58
[29-Sep-2015 02:38:14 UTC] PHP Warning:  mysql_num_rows() expects parameter 1 to be resource, boolean given in /var/www/htdocs/index.php on line 60
[29-Sep-2015 02:41:47 UTC] PHP Notice:  Undefined variable: dbuser in /var/www/htdocs/index.php on line 41
[29-Sep-2015 02:41:47 UTC] PHP Notice:  Undefined variable: dbhost in /var/www/htdocs/index.php on line 42
[29-Sep-2015 02:41:47 UTC] PHP Notice:  Undefined variable: dbname in /var/www/htdocs/index.php on line 43
[29-Sep-2015 02:45:04 UTC] PHP Notice:  Array to string conversion in /var/www/htdocs/base.php on line 33
[29-Sep-2015 02:47:35 UTC] PHP Notice:  Undefined index: dbname in /var/www/htdocs/base.php on line 33
[29-Sep-2015 02:47:35 UTC] PHP Notice:  Undefined index: dbhost in /var/www/htdocs/base.php on line 34
[29-Sep-2015 02:47:35 UTC] PHP Notice:  Undefined index: dbuser in /var/www/htdocs/base.php on line 35
[29-Sep-2015 02:47:35 UTC] PHP Notice:  Undefined index: dbpass in /var/www/htdocs/base.php on line 36
[29-Sep-2015 02:47:40 UTC] PHP Notice:  Undefined index: dbname in /var/www/htdocs/base.php on line 33
[29-Sep-2015 02:47:40 UTC] PHP Notice:  Undefined index: dbhost in /var/www/htdocs/base.php on line 34
[29-Sep-2015 02:47:40 UTC] PHP Notice:  Undefined index: dbuser in /var/www/htdocs/base.php on line 35
[29-Sep-2015 02:47:40 UTC] PHP Notice:  Undefined index: dbpass in /var/www/htdocs/base.php on line 36
[29-Sep-2015 02:48:03 UTC] PHP Notice:  Undefined index: dbname in /var/www/htdocs/base.php on line 34
[29-Sep-2015 02:48:03 UTC] PHP Notice:  Undefined index: dbhost in /var/www/htdocs/base.php on line 35
[29-Sep-2015 02:48:03 UTC] PHP Notice:  Undefined index: dbuser in /var/www/htdocs/base.php on line 36
[29-Sep-2015 02:48:03 UTC] PHP Notice:  Undefined index: dbpass in /var/www/htdocs/base.php on line 37
[29-Sep-2015 03:00:44 UTC] PHP Parse error:  syntax error, unexpected ''is great.'' (T_CONSTANT_ENCAPSED_STRING), expecting ',' or ';' in /var/www/htdocs/base.php on line 19
[29-Sep-2015 03:06:27 UTC] PHP Notice:  Undefined variable: dbuser in /var/www/htdocs/index.php on line 41
[29-Sep-2015 03:06:27 UTC] PHP Notice:  Undefined variable: dbhost in /var/www/htdocs/index.php on line 42
[29-Sep-2015 03:06:27 UTC] PHP Notice:  Undefined variable: dbname in /var/www/htdocs/index.php on line 43
[29-Sep-2015 03:06:28 UTC] PHP Notice:  Undefined variable: dbuser in /var/www/htdocs/index.php on line 41
[29-Sep-2015 03:06:28 UTC] PHP Notice:  Undefined variable: dbhost in /var/www/htdocs/index.php on line 42
[29-Sep-2015 03:06:28 UTC] PHP Notice:  Undefined variable: dbname in /var/www/htdocs/index.php on line 43
[29-Sep-2015 03:06:33 UTC] PHP Notice:  Undefined variable: dbuser in /var/www/htdocs/index.php on line 41
[29-Sep-2015 03:06:33 UTC] PHP Notice:  Undefined variable: dbhost in /var/www/htdocs/index.php on line 42
[29-Sep-2015 03:06:33 UTC] PHP Notice:  Undefined variable: dbname in /var/www/htdocs/index.php on line 43
[29-Sep-2015 03:06:33 UTC] PHP Warning:  mysql_real_escape_string(): Access denied for user ''@'localhost' (using password: NO) in /var/www/htdocs/index.php on line 55
[29-Sep-2015 03:06:33 UTC] PHP Warning:  mysql_real_escape_string(): A link to the server could not be established in /var/www/htdocs/index.php on line 55
[29-Sep-2015 03:06:33 UTC] PHP Warning:  mysql_real_escape_string(): Access denied for user ''@'localhost' (using password: NO) in /var/www/htdocs/index.php on line 56
[29-Sep-2015 03:06:33 UTC] PHP Warning:  mysql_real_escape_string(): A link to the server could not be established in /var/www/htdocs/index.php on line 56
[29-Sep-2015 03:06:33 UTC] PHP Warning:  mysql_query(): Access denied for user ''@'localhost' (using password: NO) in /var/www/htdocs/index.php on line 58
[29-Sep-2015 03:06:33 UTC] PHP Warning:  mysql_query(): A link to the server could not be established in /var/www/htdocs/index.php on line 58
[29-Sep-2015 03:06:33 UTC] PHP Warning:  mysql_num_rows() expects parameter 1 to be resource, boolean given in /var/www/htdocs/index.php on line 60
[29-Sep-2015 03:08:57 UTC] PHP Warning:  mysql_real_escape_string(): Access denied for user ''@'localhost' (using password: NO) in /var/www/htdocs/index.php on line 50
[29-Sep-2015 03:08:57 UTC] PHP Warning:  mysql_real_escape_string(): A link to the server could not be established in /var/www/htdocs/index.php on line 50
[29-Sep-2015 03:08:57 UTC] PHP Warning:  mysql_real_escape_string(): Access denied for user ''@'localhost' (using password: NO) in /var/www/htdocs/index.php on line 51
[29-Sep-2015 03:08:57 UTC] PHP Warning:  mysql_real_escape_string(): A link to the server could not be established in /var/www/htdocs/index.php on line 51
[29-Sep-2015 03:08:57 UTC] PHP Warning:  mysql_query(): Access denied for user ''@'localhost' (using password: NO) in /var/www/htdocs/index.php on line 53
[29-Sep-2015 03:08:57 UTC] PHP Warning:  mysql_query(): A link to the server could not be established in /var/www/htdocs/index.php on line 53
[29-Sep-2015 03:08:57 UTC] PHP Warning:  mysql_num_rows() expects parameter 1 to be resource, boolean given in /var/www/htdocs/index.php on line 55
[29-Sep-2015 03:11:09 UTC] PHP Warning:  mysql_real_escape_string(): Access denied for user ''@'localhost' (using password: NO) in /var/www/htdocs/index.php on line 50
[29-Sep-2015 03:11:09 UTC] PHP Warning:  mysql_real_escape_string(): A link to the server could not be established in /var/www/htdocs/index.php on line 50
[29-Sep-2015 03:11:09 UTC] PHP Warning:  mysql_real_escape_string(): Access denied for user ''@'localhost' (using password: NO) in /var/www/htdocs/index.php on line 51
[29-Sep-2015 03:11:09 UTC] PHP Warning:  mysql_real_escape_string(): A link to the server could not be established in /var/www/htdocs/index.php on line 51
[29-Sep-2015 03:11:09 UTC] PHP Warning:  mysql_query(): Access denied for user ''@'localhost' (using password: NO) in /var/www/htdocs/index.php on line 53
[29-Sep-2015 03:11:09 UTC] PHP Warning:  mysql_query(): A link to the server could not be established in /var/www/htdocs/index.php on line 53
[29-Sep-2015 03:11:09 UTC] PHP Warning:  mysql_num_rows() expects parameter 1 to be resource, boolean given in /var/www/htdocs/index.php on line 55
[29-Sep-2015 03:11:24 UTC] PHP Warning:  mysql_real_escape_string(): Access denied for user ''@'localhost' (using password: NO) in /var/www/htdocs/index.php on line 50
[29-Sep-2015 03:11:24 UTC] PHP Warning:  mysql_real_escape_string(): A link to the server could not be established in /var/www/htdocs/index.php on line 50
[29-Sep-2015 03:11:24 UTC] PHP Warning:  mysql_real_escape_string(): Access denied for user ''@'localhost' (using password: NO) in /var/www/htdocs/index.php on line 51
[29-Sep-2015 03:11:24 UTC] PHP Warning:  mysql_real_escape_string(): A link to the server could not be established in /var/www/htdocs/index.php on line 51
[29-Sep-2015 03:11:24 UTC] PHP Warning:  mysql_query(): Access denied for user ''@'localhost' (using password: NO) in /var/www/htdocs/index.php on line 53
[29-Sep-2015 03:11:24 UTC] PHP Warning:  mysql_query(): A link to the server could not be established in /var/www/htdocs/index.php on line 53
[29-Sep-2015 03:11:24 UTC] PHP Warning:  mysql_num_rows() expects parameter 1 to be resource, boolean given in /var/www/htdocs/index.php on line 55
[29-Sep-2015 03:11:29 UTC] PHP Warning:  mysql_real_escape_string(): Access denied for user ''@'localhost' (using password: NO) in /var/www/htdocs/index.php on line 50
[29-Sep-2015 03:11:29 UTC] PHP Warning:  mysql_real_escape_string(): A link to the server could not be established in /var/www/htdocs/index.php on line 50
[29-Sep-2015 03:11:29 UTC] PHP Warning:  mysql_real_escape_string(): Access denied for user ''@'localhost' (using password: NO) in /var/www/htdocs/index.php on line 51
[29-Sep-2015 03:11:29 UTC] PHP Warning:  mysql_real_escape_string(): A link to the server could not be established in /var/www/htdocs/index.php on line 51
[29-Sep-2015 03:11:29 UTC] PHP Warning:  mysql_query(): Access denied for user ''@'localhost' (using password: NO) in /var/www/htdocs/index.php on line 53
[29-Sep-2015 03:11:29 UTC] PHP Warning:  mysql_query(): A link to the server could not be established in /var/www/htdocs/index.php on line 53
[29-Sep-2015 03:11:29 UTC] PHP Warning:  mysql_num_rows() expects parameter 1 to be resource, boolean given in /var/www/htdocs/index.php on line 55
[29-Sep-2015 03:11:55 UTC] PHP Warning:  mysql_real_escape_string(): Access denied for user ''@'localhost' (using password: NO) in /var/www/htdocs/index.php on line 50
[29-Sep-2015 03:11:55 UTC] PHP Warning:  mysql_real_escape_string(): A link to the server could not be established in /var/www/htdocs/index.php on line 50
[29-Sep-2015 03:11:55 UTC] PHP Warning:  mysql_real_escape_string(): Access denied for user ''@'localhost' (using password: NO) in /var/www/htdocs/index.php on line 51
[29-Sep-2015 03:11:55 UTC] PHP Warning:  mysql_real_escape_string(): A link to the server could not be established in /var/www/htdocs/index.php on line 51
[29-Sep-2015 03:11:55 UTC] PHP Warning:  mysql_query(): Access denied for user ''@'localhost' (using password: NO) in /var/www/htdocs/index.php on line 53
[29-Sep-2015 03:11:55 UTC] PHP Warning:  mysql_query(): A link to the server could not be established in /var/www/htdocs/index.php on line 53
[29-Sep-2015 03:11:55 UTC] PHP Warning:  mysql_num_rows() expects parameter 1 to be resource, boolean given in /var/www/htdocs/index.php on line 55
[29-Sep-2015 03:14:01 UTC] PHP Warning:  mysql_real_escape_string(): Access denied for user ''@'localhost' (using password: NO) in /var/www/htdocs/index.php on line 50
[29-Sep-2015 03:14:01 UTC] PHP Warning:  mysql_real_escape_string(): A link to the server could not be established in /var/www/htdocs/index.php on line 50
[29-Sep-2015 03:14:01 UTC] PHP Warning:  mysql_real_escape_string(): Access denied for user ''@'localhost' (using password: NO) in /var/www/htdocs/index.php on line 51
[29-Sep-2015 03:14:01 UTC] PHP Warning:  mysql_real_escape_string(): A link to the server could not be established in /var/www/htdocs/index.php on line 51
[29-Sep-2015 03:14:01 UTC] PHP Warning:  mysql_query(): Access denied for user ''@'localhost' (using password: NO) in /var/www/htdocs/index.php on line 53
[29-Sep-2015 03:14:01 UTC] PHP Warning:  mysql_query(): A link to the server could not be established in /var/www/htdocs/index.php on line 53
[29-Sep-2015 03:14:01 UTC] PHP Warning:  mysql_num_rows() expects parameter 1 to be resource, boolean given in /var/www/htdocs/index.php on line 55
[29-Sep-2015 03:14:10 UTC] PHP Warning:  mysql_real_escape_string(): Access denied for user ''@'localhost' (using password: NO) in /var/www/htdocs/index.php on line 50
[29-Sep-2015 03:14:10 UTC] PHP Warning:  mysql_real_escape_string(): A link to the server could not be established in /var/www/htdocs/index.php on line 50
[29-Sep-2015 03:14:10 UTC] PHP Warning:  mysql_real_escape_string(): Access denied for user ''@'localhost' (using password: NO) in /var/www/htdocs/index.php on line 51
[29-Sep-2015 03:14:10 UTC] PHP Warning:  mysql_real_escape_string(): A link to the server could not be established in /var/www/htdocs/index.php on line 51
[29-Sep-2015 03:14:10 UTC] PHP Warning:  mysql_query(): Access denied for user ''@'localhost' (using password: NO) in /var/www/htdocs/index.php on line 53
[29-Sep-2015 03:14:10 UTC] PHP Warning:  mysql_query(): A link to the server could not be established in /var/www/htdocs/index.php on line 53
[29-Sep-2015 03:14:10 UTC] PHP Warning:  mysql_num_rows() expects parameter 1 to be resource, boolean given in /var/www/htdocs/index.php on line 55
[29-Sep-2015 03:14:15 UTC] PHP Warning:  mysql_real_escape_string(): Access denied for user ''@'localhost' (using password: NO) in /var/www/htdocs/index.php on line 50
[29-Sep-2015 03:14:15 UTC] PHP Warning:  mysql_real_escape_string(): A link to the server could not be established in /var/www/htdocs/index.php on line 50
[29-Sep-2015 03:14:15 UTC] PHP Warning:  mysql_real_escape_string(): Access denied for user ''@'localhost' (using password: NO) in /var/www/htdocs/index.php on line 51
[29-Sep-2015 03:14:15 UTC] PHP Warning:  mysql_real_escape_string(): A link to the server could not be established in /var/www/htdocs/index.php on line 51
[29-Sep-2015 03:14:15 UTC] PHP Warning:  mysql_query(): Access denied for user ''@'localhost' (using password: NO) in /var/www/htdocs/index.php on line 53
[29-Sep-2015 03:14:15 UTC] PHP Warning:  mysql_query(): A link to the server could not be established in /var/www/htdocs/index.php on line 53
[29-Sep-2015 03:14:15 UTC] PHP Warning:  mysql_num_rows() expects parameter 1 to be resource, boolean given in /var/www/htdocs/index.php on line 55
[29-Sep-2015 03:14:19 UTC] PHP Warning:  mysql_real_escape_string(): Access denied for user ''@'localhost' (using password: NO) in /var/www/htdocs/index.php on line 50
[29-Sep-2015 03:14:19 UTC] PHP Warning:  mysql_real_escape_string(): A link to the server could not be established in /var/www/htdocs/index.php on line 50
[29-Sep-2015 03:14:19 UTC] PHP Warning:  mysql_real_escape_string(): Access denied for user ''@'localhost' (using password: NO) in /var/www/htdocs/index.php on line 51
[29-Sep-2015 03:14:19 UTC] PHP Warning:  mysql_real_escape_string(): A link to the server could not be established in /var/www/htdocs/index.php on line 51
[29-Sep-2015 03:14:19 UTC] PHP Warning:  mysql_query(): Access denied for user ''@'localhost' (using password: NO) in /var/www/htdocs/index.php on line 53
[29-Sep-2015 03:14:19 UTC] PHP Warning:  mysql_query(): A link to the server could not be established in /var/www/htdocs/index.php on line 53
[29-Sep-2015 03:14:19 UTC] PHP Warning:  mysql_num_rows() expects parameter 1 to be resource, boolean given in /var/www/htdocs/index.php on line 55
[29-Sep-2015 03:19:19 UTC] PHP Warning:  mysql_real_escape_string(): Access denied for user ''@'localhost' (using password: NO) in /var/www/htdocs/index.php on line 50
[29-Sep-2015 03:19:19 UTC] PHP Warning:  mysql_real_escape_string(): A link to the server could not be established in /var/www/htdocs/index.php on line 50
[29-Sep-2015 03:19:19 UTC] PHP Warning:  mysql_real_escape_string(): Access denied for user ''@'localhost' (using password: NO) in /var/www/htdocs/index.php on line 51
[29-Sep-2015 03:19:19 UTC] PHP Warning:  mysql_real_escape_string(): A link to the server could not be established in /var/www/htdocs/index.php on line 51
[29-Sep-2015 03:19:19 UTC] PHP Warning:  mysql_query(): Access denied for user ''@'localhost' (using password: NO) in /var/www/htdocs/index.php on line 53
[29-Sep-2015 03:19:19 UTC] PHP Warning:  mysql_query(): A link to the server could not be established in /var/www/htdocs/index.php on line 53
[29-Sep-2015 03:19:19 UTC] PHP Warning:  mysql_num_rows() expects parameter 1 to be resource, boolean given in /var/www/htdocs/index.php on line 55
[29-Sep-2015 03:20:26 UTC] PHP Warning:  mysql_real_escape_string(): Access denied for user ''@'localhost' (using password: NO) in /var/www/htdocs/index.php on line 50
[29-Sep-2015 03:20:26 UTC] PHP Warning:  mysql_real_escape_string(): A link to the server could not be established in /var/www/htdocs/index.php on line 50
[29-Sep-2015 03:20:26 UTC] PHP Warning:  mysql_real_escape_string(): Access denied for user ''@'localhost' (using password: NO) in /var/www/htdocs/index.php on line 51
[29-Sep-2015 03:20:26 UTC] PHP Warning:  mysql_real_escape_string(): A link to the server could not be established in /var/www/htdocs/index.php on line 51
[29-Sep-2015 03:20:26 UTC] PHP Warning:  mysql_query(): Access denied for user ''@'localhost' (using password: NO) in /var/www/htdocs/index.php on line 53
[29-Sep-2015 03:20:26 UTC] PHP Warning:  mysql_query(): A link to the server could not be established in /var/www/htdocs/index.php on line 53
[29-Sep-2015 03:20:26 UTC] PHP Warning:  mysql_num_rows() expects parameter 1 to be resource, boolean given in /var/www/htdocs/index.php on line 55
[29-Sep-2015 03:20:26 UTC] PHP Warning:  mysql_query(): Access denied for user ''@'localhost' (using password: NO) in /var/www/htdocs/index.php on line 73
[29-Sep-2015 03:20:26 UTC] PHP Warning:  mysql_query(): A link to the server could not be established in /var/www/htdocs/index.php on line 73
[29-Sep-2015 03:20:32 UTC] PHP Warning:  mysql_real_escape_string(): Access denied for user ''@'localhost' (using password: NO) in /var/www/htdocs/index.php on line 50
[29-Sep-2015 03:20:32 UTC] PHP Warning:  mysql_real_escape_string(): A link to the server could not be established in /var/www/htdocs/index.php on line 50
[29-Sep-2015 03:20:32 UTC] PHP Warning:  mysql_real_escape_string(): Access denied for user ''@'localhost' (using password: NO) in /var/www/htdocs/index.php on line 51
[29-Sep-2015 03:20:32 UTC] PHP Warning:  mysql_real_escape_string(): A link to the server could not be established in /var/www/htdocs/index.php on line 51
[29-Sep-2015 03:20:32 UTC] PHP Warning:  mysql_query(): Access denied for user ''@'localhost' (using password: NO) in /var/www/htdocs/index.php on line 53
[29-Sep-2015 03:20:32 UTC] PHP Warning:  mysql_query(): A link to the server could not be established in /var/www/htdocs/index.php on line 53
[29-Sep-2015 03:20:32 UTC] PHP Warning:  mysql_num_rows() expects parameter 1 to be resource, boolean given in /var/www/htdocs/index.php on line 55
[29-Sep-2015 03:20:32 UTC] PHP Warning:  mysql_query(): Access denied for user ''@'localhost' (using password: NO) in /var/www/htdocs/index.php on line 73
[29-Sep-2015 03:20:32 UTC] PHP Warning:  mysql_query(): A link to the server could not be established in /var/www/htdocs/index.php on line 73
[29-Sep-2015 03:20:37 UTC] PHP Warning:  mysql_real_escape_string(): Access denied for user ''@'localhost' (using password: NO) in /var/www/htdocs/index.php on line 50
[29-Sep-2015 03:20:37 UTC] PHP Warning:  mysql_real_escape_string(): A link to the server could not be established in /var/www/htdocs/index.php on line 50
[29-Sep-2015 03:20:37 UTC] PHP Warning:  mysql_real_escape_string(): Access denied for user ''@'localhost' (using password: NO) in /var/www/htdocs/index.php on line 51
[29-Sep-2015 03:20:37 UTC] PHP Warning:  mysql_real_escape_string(): A link to the server could not be established in /var/www/htdocs/index.php on line 51
[29-Sep-2015 03:20:37 UTC] PHP Warning:  mysql_query(): Access denied for user ''@'localhost' (using password: NO) in /var/www/htdocs/index.php on line 53
[29-Sep-2015 03:20:37 UTC] PHP Warning:  mysql_query(): A link to the server could not be established in /var/www/htdocs/index.php on line 53
[29-Sep-2015 03:20:37 UTC] PHP Warning:  mysql_num_rows() expects parameter 1 to be resource, boolean given in /var/www/htdocs/index.php on line 55
[29-Sep-2015 03:20:37 UTC] PHP Warning:  mysql_query(): Access denied for user ''@'localhost' (using password: NO) in /var/www/htdocs/index.php on line 73
[29-Sep-2015 03:20:37 UTC] PHP Warning:  mysql_query(): A link to the server could not be established in /var/www/htdocs/index.php on line 73
[29-Sep-2015 03:20:42 UTC] PHP Warning:  mysql_real_escape_string(): Access denied for user ''@'localhost' (using password: NO) in /var/www/htdocs/index.php on line 50
[29-Sep-2015 03:20:42 UTC] PHP Warning:  mysql_real_escape_string(): A link to the server could not be established in /var/www/htdocs/index.php on line 50
[29-Sep-2015 03:20:42 UTC] PHP Warning:  mysql_real_escape_string(): Access denied for user ''@'localhost' (using password: NO) in /var/www/htdocs/index.php on line 51
[29-Sep-2015 03:20:42 UTC] PHP Warning:  mysql_real_escape_string(): A link to the server could not be established in /var/www/htdocs/index.php on line 51
[29-Sep-2015 03:20:42 UTC] PHP Warning:  mysql_query(): Access denied for user ''@'localhost' (using password: NO) in /var/www/htdocs/index.php on line 53
[29-Sep-2015 03:20:42 UTC] PHP Warning:  mysql_query(): A link to the server could not be established in /var/www/htdocs/index.php on line 53
[29-Sep-2015 03:20:42 UTC] PHP Warning:  mysql_num_rows() expects parameter 1 to be resource, boolean given in /var/www/htdocs/index.php on line 55
[29-Sep-2015 03:20:42 UTC] PHP Warning:  mysql_query(): Access denied for user ''@'localhost' (using password: NO) in /var/www/htdocs/index.php on line 73
[29-Sep-2015 03:20:42 UTC] PHP Warning:  mysql_query(): A link to the server could not be established in /var/www/htdocs/index.php on line 73
[29-Sep-2015 03:21:11 UTC] PHP Warning:  mysql_real_escape_string(): Access denied for user ''@'localhost' (using password: NO) in /var/www/htdocs/index.php on line 50
[29-Sep-2015 03:21:11 UTC] PHP Warning:  mysql_real_escape_string(): A link to the server could not be established in /var/www/htdocs/index.php on line 50
[29-Sep-2015 03:21:11 UTC] PHP Warning:  mysql_real_escape_string(): Access denied for user ''@'localhost' (using password: NO) in /var/www/htdocs/index.php on line 51
[29-Sep-2015 03:21:11 UTC] PHP Warning:  mysql_real_escape_string(): A link to the server could not be established in /var/www/htdocs/index.php on line 51
[29-Sep-2015 03:21:11 UTC] PHP Warning:  mysql_query(): Access denied for user ''@'localhost' (using password: NO) in /var/www/htdocs/index.php on line 53
[29-Sep-2015 03:21:11 UTC] PHP Warning:  mysql_query(): A link to the server could not be established in /var/www/htdocs/index.php on line 53
[29-Sep-2015 03:21:11 UTC] PHP Warning:  mysql_num_rows() expects parameter 1 to be resource, boolean given in /var/www/htdocs/index.php on line 55
[29-Sep-2015 03:21:11 UTC] PHP Warning:  mysql_query(): Access denied for user ''@'localhost' (using password: NO) in /var/www/htdocs/index.php on line 73
[29-Sep-2015 03:21:11 UTC] PHP Warning:  mysql_query(): A link to the server could not be established in /var/www/htdocs/index.php on line 73
[29-Sep-2015 03:21:16 UTC] PHP Warning:  mysql_real_escape_string(): Access denied for user ''@'localhost' (using password: NO) in /var/www/htdocs/index.php on line 50
[29-Sep-2015 03:21:16 UTC] PHP Warning:  mysql_real_escape_string(): A link to the server could not be established in /var/www/htdocs/index.php on line 50
[29-Sep-2015 03:21:16 UTC] PHP Warning:  mysql_real_escape_string(): Access denied for user ''@'localhost' (using password: NO) in /var/www/htdocs/index.php on line 51
[29-Sep-2015 03:21:16 UTC] PHP Warning:  mysql_real_escape_string(): A link to the server could not be established in /var/www/htdocs/index.php on line 51
[29-Sep-2015 03:21:16 UTC] PHP Warning:  mysql_query(): Access denied for user ''@'localhost' (using password: NO) in /var/www/htdocs/index.php on line 53
[29-Sep-2015 03:21:16 UTC] PHP Warning:  mysql_query(): A link to the server could not be established in /var/www/htdocs/index.php on line 53
[29-Sep-2015 03:21:16 UTC] PHP Warning:  mysql_num_rows() expects parameter 1 to be resource, boolean given in /var/www/htdocs/index.php on line 55
[29-Sep-2015 03:21:16 UTC] PHP Warning:  mysql_query(): Access denied for user ''@'localhost' (using password: NO) in /var/www/htdocs/index.php on line 73
[29-Sep-2015 03:21:16 UTC] PHP Warning:  mysql_query(): A link to the server could not be established in /var/www/htdocs/index.php on line 73
[29-Sep-2015 03:21:21 UTC] PHP Warning:  mysql_real_escape_string(): Access denied for user ''@'localhost' (using password: NO) in /var/www/htdocs/index.php on line 50
[29-Sep-2015 03:21:21 UTC] PHP Warning:  mysql_real_escape_string(): A link to the server could not be established in /var/www/htdocs/index.php on line 50
[29-Sep-2015 03:21:21 UTC] PHP Warning:  mysql_real_escape_string(): Access denied for user ''@'localhost' (using password: NO) in /var/www/htdocs/index.php on line 51
[29-Sep-2015 03:21:21 UTC] PHP Warning:  mysql_real_escape_string(): A link to the server could not be established in /var/www/htdocs/index.php on line 51
[29-Sep-2015 03:21:21 UTC] PHP Warning:  mysql_query(): Access denied for user ''@'localhost' (using password: NO) in /var/www/htdocs/index.php on line 53
[29-Sep-2015 03:21:21 UTC] PHP Warning:  mysql_query(): A link to the server could not be established in /var/www/htdocs/index.php on line 53
[29-Sep-2015 03:21:21 UTC] PHP Warning:  mysql_num_rows() expects parameter 1 to be resource, boolean given in /var/www/htdocs/index.php on line 55
[29-Sep-2015 03:21:21 UTC] PHP Warning:  mysql_query(): Access denied for user ''@'localhost' (using password: NO) in /var/www/htdocs/index.php on line 73
[29-Sep-2015 03:21:21 UTC] PHP Warning:  mysql_query(): A link to the server could not be established in /var/www/htdocs/index.php on line 73
[29-Sep-2015 03:27:50 UTC] PHP Notice:  Undefined variable: dbhost in /var/www/htdocs/index.php on line 238
[29-Sep-2015 03:27:50 UTC] PHP Notice:  Undefined variable: dbuser in /var/www/htdocs/index.php on line 239
[29-Sep-2015 03:27:50 UTC] PHP Notice:  Undefined variable: dbpass in /var/www/htdocs/index.php on line 240
[29-Sep-2015 03:28:03 UTC] PHP Notice:  Undefined variable: dbhost in /var/www/htdocs/index.php on line 238
[29-Sep-2015 03:28:03 UTC] PHP Notice:  Undefined variable: dbuser in /var/www/htdocs/index.php on line 239
[29-Sep-2015 03:28:03 UTC] PHP Notice:  Undefined variable: dbpass in /var/www/htdocs/index.php on line 240
[29-Sep-2015 03:34:42 UTC] PHP Warning:  mysql_query(): Access denied for user ''@'localhost' (using password: NO) in /var/www/htdocs/base.php on line 47
[29-Sep-2015 03:34:42 UTC] PHP Warning:  mysql_query(): A link to the server could not be established in /var/www/htdocs/base.php on line 47
[29-Sep-2015 03:35:50 UTC] PHP Warning:  mysql_query(): Access denied for user ''@'localhost' (using password: NO) in /var/www/htdocs/base.php on line 26
[29-Sep-2015 03:35:50 UTC] PHP Warning:  mysql_query(): A link to the server could not be established in /var/www/htdocs/base.php on line 26
[29-Sep-2015 03:35:50 UTC] PHP Warning:  mysql_query(): Access denied for user ''@'localhost' (using password: NO) in /var/www/htdocs/base.php on line 51
[29-Sep-2015 03:35:50 UTC] PHP Warning:  mysql_query(): A link to the server could not be established in /var/www/htdocs/base.php on line 51
[29-Sep-2015 03:39:46 UTC] PHP Catchable fatal error:  Object of class mysqli_result could not be converted to string in /var/www/htdocs/base.php on line 27
[29-Sep-2015 03:39:51 UTC] PHP Catchable fatal error:  Object of class mysqli_result could not be converted to string in /var/www/htdocs/base.php on line 27
[29-Sep-2015 03:41:09 UTC] PHP Catchable fatal error:  Object of class mysqli_result could not be converted to string in /var/www/htdocs/base.php on line 27
[29-Sep-2015 03:41:46 UTC] PHP Catchable fatal error:  Object of class mysqli_result could not be converted to string in /var/www/htdocs/base.php on line 25
[29-Sep-2015 03:42:15 UTC] PHP Parse error:  syntax error, unexpected ''</p>'' (T_CONSTANT_ENCAPSED_STRING), expecting ',' or ';' in /var/www/htdocs/base.php on line 22
[29-Sep-2015 03:43:21 UTC] PHP Catchable fatal error:  Object of class mysqli_result could not be converted to string in /var/www/htdocs/base.php on line 25
[29-Sep-2015 03:43:49 UTC] PHP Warning:  mysql_query(): Access denied for user ''@'localhost' (using password: NO) in /var/www/htdocs/base.php on line 24
[29-Sep-2015 03:43:49 UTC] PHP Warning:  mysql_query(): A link to the server could not be established in /var/www/htdocs/base.php on line 24
[29-Sep-2015 03:43:49 UTC] PHP Warning:  mysql_query(): Access denied for user ''@'localhost' (using password: NO) in /var/www/htdocs/base.php on line 49
[29-Sep-2015 03:43:49 UTC] PHP Warning:  mysql_query(): A link to the server could not be established in /var/www/htdocs/base.php on line 49
[29-Sep-2015 03:44:53 UTC] PHP Warning:  mysql_query(): Access denied for user ''@'localhost' (using password: NO) in /var/www/htdocs/base.php on line 24
[29-Sep-2015 03:44:53 UTC] PHP Warning:  mysql_query(): A link to the server could not be established in /var/www/htdocs/base.php on line 24
[29-Sep-2015 03:50:43 UTC] PHP Fatal error:  Access to undeclared static property: mysqli_result::$num_rows in /var/www/htdocs/base.php on line 25
[29-Sep-2015 03:50:45 UTC] PHP Fatal error:  Access to undeclared static property: mysqli_result::$num_rows in /var/www/htdocs/base.php on line 25
[29-Sep-2015 03:55:45 UTC] PHP Parse error:  syntax error, unexpected '<' in /var/www/htdocs/base.php on line 5
[29-Sep-2015 03:57:08 UTC] PHP Parse error:  syntax error, unexpected '<' in /var/www/htdocs/base.php on line 5
[29-Sep-2015 03:57:14 UTC] PHP Parse error:  syntax error, unexpected '<' in /var/www/htdocs/base.php on line 5
[29-Sep-2015 03:58:50 UTC] PHP Parse error:  syntax error, unexpected '<' in /var/www/htdocs/base.php on line 5
[29-Sep-2015 03:58:52 UTC] PHP Parse error:  syntax error, unexpected '<' in /var/www/htdocs/base.php on line 5
[29-Sep-2015 04:01:03 UTC] PHP Parse error:  syntax error, unexpected '<' in /var/www/htdocs/base.php on line 5
[29-Sep-2015 04:01:07 UTC] PHP Parse error:  syntax error, unexpected '<' in /var/www/htdocs/base.php on line 5
[29-Sep-2015 04:03:20 UTC] PHP Parse error:  syntax error, unexpected '<' in /var/www/htdocs/base.php on line 5
[29-Sep-2015 04:04:27 UTC] PHP Notice:  Array to string conversion in /var/www/htdocs/base.php on line 18
[29-Sep-2015 04:06:05 UTC] PHP Notice:  Undefined variable: dbhost in /var/www/htdocs/index.php on line 238
[29-Sep-2015 04:06:05 UTC] PHP Notice:  Undefined variable: dbuser in /var/www/htdocs/index.php on line 239
[29-Sep-2015 04:06:05 UTC] PHP Notice:  Undefined variable: dbpass in /var/www/htdocs/index.php on line 240
[29-Sep-2015 04:06:09 UTC] PHP Notice:  Undefined variable: dbhost in /var/www/htdocs/index.php on line 238
[29-Sep-2015 04:06:09 UTC] PHP Notice:  Undefined variable: dbuser in /var/www/htdocs/index.php on line 239
[29-Sep-2015 04:06:09 UTC] PHP Notice:  Undefined variable: dbpass in /var/www/htdocs/index.php on line 240
[29-Sep-2015 04:06:14 UTC] PHP Warning:  mysql_real_escape_string(): Access denied for user ''@'localhost' (using password: NO) in /var/www/htdocs/index.php on line 50
[29-Sep-2015 04:06:14 UTC] PHP Warning:  mysql_real_escape_string(): A link to the server could not be established in /var/www/htdocs/index.php on line 50
[29-Sep-2015 04:06:14 UTC] PHP Warning:  mysql_real_escape_string(): Access denied for user ''@'localhost' (using password: NO) in /var/www/htdocs/index.php on line 51
[29-Sep-2015 04:06:14 UTC] PHP Warning:  mysql_real_escape_string(): A link to the server could not be established in /var/www/htdocs/index.php on line 51
[29-Sep-2015 04:06:14 UTC] PHP Warning:  mysql_query(): Access denied for user ''@'localhost' (using password: NO) in /var/www/htdocs/index.php on line 53
[29-Sep-2015 04:06:14 UTC] PHP Warning:  mysql_query(): A link to the server could not be established in /var/www/htdocs/index.php on line 53
[29-Sep-2015 04:06:14 UTC] PHP Warning:  mysql_num_rows() expects parameter 1 to be resource, boolean given in /var/www/htdocs/index.php on line 55
[29-Sep-2015 04:06:14 UTC] PHP Warning:  mysql_query(): Access denied for user ''@'localhost' (using password: NO) in /var/www/htdocs/index.php on line 73
[29-Sep-2015 04:06:14 UTC] PHP Warning:  mysql_query(): A link to the server could not be established in /var/www/htdocs/index.php on line 73
[29-Sep-2015 04:06:18 UTC] PHP Notice:  Undefined variable: dbhost in /var/www/htdocs/index.php on line 238
[29-Sep-2015 04:06:18 UTC] PHP Notice:  Undefined variable: dbuser in /var/www/htdocs/index.php on line 239
[29-Sep-2015 04:06:18 UTC] PHP Notice:  Undefined variable: dbpass in /var/www/htdocs/index.php on line 240
[29-Sep-2015 04:06:25 UTC] PHP Notice:  Undefined variable: dbhost in /var/www/htdocs/index.php on line 238
[29-Sep-2015 04:06:25 UTC] PHP Notice:  Undefined variable: dbuser in /var/www/htdocs/index.php on line 239
[29-Sep-2015 04:06:25 UTC] PHP Notice:  Undefined variable: dbpass in /var/www/htdocs/index.php on line 240
[29-Sep-2015 04:06:28 UTC] PHP Warning:  mysql_real_escape_string(): Access denied for user ''@'localhost' (using password: NO) in /var/www/htdocs/index.php on line 50
[29-Sep-2015 04:06:28 UTC] PHP Warning:  mysql_real_escape_string(): A link to the server could not be established in /var/www/htdocs/index.php on line 50
[29-Sep-2015 04:06:28 UTC] PHP Warning:  mysql_real_escape_string(): Access denied for user ''@'localhost' (using password: NO) in /var/www/htdocs/index.php on line 51
[29-Sep-2015 04:06:28 UTC] PHP Warning:  mysql_real_escape_string(): A link to the server could not be established in /var/www/htdocs/index.php on line 51
[29-Sep-2015 04:06:28 UTC] PHP Warning:  mysql_query(): Access denied for user ''@'localhost' (using password: NO) in /var/www/htdocs/index.php on line 53
[29-Sep-2015 04:06:28 UTC] PHP Warning:  mysql_query(): A link to the server could not be established in /var/www/htdocs/index.php on line 53
[29-Sep-2015 04:06:28 UTC] PHP Warning:  mysql_num_rows() expects parameter 1 to be resource, boolean given in /var/www/htdocs/index.php on line 55
[29-Sep-2015 04:06:28 UTC] PHP Warning:  mysql_query(): Access denied for user ''@'localhost' (using password: NO) in /var/www/htdocs/index.php on line 73
[29-Sep-2015 04:06:28 UTC] PHP Warning:  mysql_query(): A link to the server could not be established in /var/www/htdocs/index.php on line 73
[29-Sep-2015 04:06:31 UTC] PHP Notice:  Undefined variable: dbhost in /var/www/htdocs/index.php on line 238
[29-Sep-2015 04:06:31 UTC] PHP Notice:  Undefined variable: dbuser in /var/www/htdocs/index.php on line 239
[29-Sep-2015 04:06:31 UTC] PHP Notice:  Undefined variable: dbpass in /var/www/htdocs/index.php on line 240
[29-Sep-2015 04:14:10 UTC] PHP Notice:  Undefined variable: dbhost in /var/www/htdocs/index.php on line 238
[29-Sep-2015 04:14:10 UTC] PHP Notice:  Undefined variable: dbuser in /var/www/htdocs/index.php on line 239
[29-Sep-2015 04:14:10 UTC] PHP Notice:  Undefined variable: dbpass in /var/www/htdocs/index.php on line 240
[29-Sep-2015 04:14:14 UTC] PHP Warning:  mysql_real_escape_string(): Access denied for user ''@'localhost' (using password: NO) in /var/www/htdocs/index.php on line 50
[29-Sep-2015 04:14:14 UTC] PHP Warning:  mysql_real_escape_string(): A link to the server could not be established in /var/www/htdocs/index.php on line 50
[29-Sep-2015 04:14:14 UTC] PHP Warning:  mysql_real_escape_string(): Access denied for user ''@'localhost' (using password: NO) in /var/www/htdocs/index.php on line 51
[29-Sep-2015 04:14:14 UTC] PHP Warning:  mysql_real_escape_string(): A link to the server could not be established in /var/www/htdocs/index.php on line 51
[29-Sep-2015 04:14:14 UTC] PHP Warning:  mysql_query(): Access denied for user ''@'localhost' (using password: NO) in /var/www/htdocs/index.php on line 53
[29-Sep-2015 04:14:14 UTC] PHP Warning:  mysql_query(): A link to the server could not be established in /var/www/htdocs/index.php on line 53
[29-Sep-2015 04:14:14 UTC] PHP Warning:  mysql_num_rows() expects parameter 1 to be resource, boolean given in /var/www/htdocs/index.php on line 55
[29-Sep-2015 04:14:14 UTC] PHP Warning:  mysql_query(): Access denied for user ''@'localhost' (using password: NO) in /var/www/htdocs/index.php on line 73
[29-Sep-2015 04:14:14 UTC] PHP Warning:  mysql_query(): A link to the server could not be established in /var/www/htdocs/index.php on line 73
[29-Sep-2015 04:25:21 UTC] PHP Warning:  mysql_real_escape_string(): Access denied for user ''@'localhost' (using password: NO) in /var/www/htdocs/index.php on line 50
[29-Sep-2015 04:25:21 UTC] PHP Warning:  mysql_real_escape_string(): A link to the server could not be established in /var/www/htdocs/index.php on line 50
[29-Sep-2015 04:25:21 UTC] PHP Warning:  mysql_real_escape_string(): Access denied for user ''@'localhost' (using password: NO) in /var/www/htdocs/index.php on line 51
[29-Sep-2015 04:25:21 UTC] PHP Warning:  mysql_real_escape_string(): A link to the server could not be established in /var/www/htdocs/index.php on line 51
[29-Sep-2015 04:25:21 UTC] PHP Warning:  mysql_query(): Access denied for user ''@'localhost' (using password: NO) in /var/www/htdocs/index.php on line 53
[29-Sep-2015 04:25:21 UTC] PHP Warning:  mysql_query(): A link to the server could not be established in /var/www/htdocs/index.php on line 53
[29-Sep-2015 04:25:21 UTC] PHP Warning:  mysql_num_rows() expects parameter 1 to be resource, boolean given in /var/www/htdocs/index.php on line 55
[29-Sep-2015 05:00:27 UTC] PHP Warning:  mysql_real_escape_string(): Access denied for user ''@'localhost' (using password: NO) in /var/www/htdocs/index.php on line 50
[29-Sep-2015 05:00:27 UTC] PHP Warning:  mysql_real_escape_string(): A link to the server could not be established in /var/www/htdocs/index.php on line 50
[29-Sep-2015 05:00:27 UTC] PHP Warning:  mysql_real_escape_string(): Access denied for user ''@'localhost' (using password: NO) in /var/www/htdocs/index.php on line 51
[29-Sep-2015 05:00:27 UTC] PHP Warning:  mysql_real_escape_string(): A link to the server could not be established in /var/www/htdocs/index.php on line 51
[29-Sep-2015 05:00:27 UTC] PHP Warning:  mysql_query(): Access denied for user ''@'localhost' (using password: NO) in /var/www/htdocs/index.php on line 53
[29-Sep-2015 05:00:27 UTC] PHP Warning:  mysql_query(): A link to the server could not be established in /var/www/htdocs/index.php on line 53
[29-Sep-2015 05:00:27 UTC] PHP Warning:  mysql_num_rows() expects parameter 1 to be resource, boolean given in /var/www/htdocs/index.php on line 55
[29-Sep-2015 05:10:54 UTC] PHP Warning:  mysql_connect(): Access denied for user 'mysql_user'@'localhost' (using password: YES) in /var/www/htdocs/index.php on line 4
[29-Sep-2015 05:11:58 UTC] PHP Notice:  Undefined variable: dbhost in /var/www/htdocs/index.php on line 4
[29-Sep-2015 05:11:58 UTC] PHP Notice:  Undefined variable: dbuser in /var/www/htdocs/index.php on line 4
[29-Sep-2015 05:11:58 UTC] PHP Notice:  Undefined variable: dbpass in /var/www/htdocs/index.php on line 4
[29-Sep-2015 05:11:58 UTC] PHP Warning:  mysql_connect(): Access denied for user ''@'localhost' (using password: NO) in /var/www/htdocs/index.php on line 4
[29-Sep-2015 05:15:51 UTC] PHP Warning:  mysql_real_escape_string(): Access denied for user ''@'localhost' (using password: NO) in /var/www/htdocs/index.php on line 58
[29-Sep-2015 05:15:51 UTC] PHP Warning:  mysql_real_escape_string(): A link to the server could not be established in /var/www/htdocs/index.php on line 58
[29-Sep-2015 05:15:51 UTC] PHP Warning:  mysql_real_escape_string(): Access denied for user ''@'localhost' (using password: NO) in /var/www/htdocs/index.php on line 59
[29-Sep-2015 05:15:51 UTC] PHP Warning:  mysql_real_escape_string(): A link to the server could not be established in /var/www/htdocs/index.php on line 59
[29-Sep-2015 05:15:51 UTC] PHP Warning:  mysql_query(): Access denied for user ''@'localhost' (using password: NO) in /var/www/htdocs/index.php on line 61
[29-Sep-2015 05:15:51 UTC] PHP Warning:  mysql_query(): A link to the server could not be established in /var/www/htdocs/index.php on line 61
[29-Sep-2015 05:15:51 UTC] PHP Warning:  mysql_num_rows() expects parameter 1 to be resource, boolean given in /var/www/htdocs/index.php on line 63
[29-Sep-2015 05:15:59 UTC] PHP Warning:  mysql_real_escape_string(): Access denied for user ''@'localhost' (using password: NO) in /var/www/htdocs/index.php on line 58
[29-Sep-2015 05:15:59 UTC] PHP Warning:  mysql_real_escape_string(): A link to the server could not be established in /var/www/htdocs/index.php on line 58
[29-Sep-2015 05:15:59 UTC] PHP Warning:  mysql_real_escape_string(): Access denied for user ''@'localhost' (using password: NO) in /var/www/htdocs/index.php on line 59
[29-Sep-2015 05:15:59 UTC] PHP Warning:  mysql_real_escape_string(): A link to the server could not be established in /var/www/htdocs/index.php on line 59
[29-Sep-2015 05:15:59 UTC] PHP Warning:  mysql_query(): Access denied for user ''@'localhost' (using password: NO) in /var/www/htdocs/index.php on line 61
[29-Sep-2015 05:15:59 UTC] PHP Warning:  mysql_query(): A link to the server could not be established in /var/www/htdocs/index.php on line 61
[29-Sep-2015 05:15:59 UTC] PHP Warning:  mysql_num_rows() expects parameter 1 to be resource, boolean given in /var/www/htdocs/index.php on line 63
[29-Sep-2015 05:20:45 UTC] PHP Warning:  mysql_real_escape_string(): Access denied for user ''@'localhost' (using password: NO) in /var/www/htdocs/index.php on line 58
[29-Sep-2015 05:20:45 UTC] PHP Warning:  mysql_real_escape_string(): A link to the server could not be established in /var/www/htdocs/index.php on line 58
[29-Sep-2015 05:20:45 UTC] PHP Warning:  mysql_real_escape_string(): Access denied for user ''@'localhost' (using password: NO) in /var/www/htdocs/index.php on line 59
[29-Sep-2015 05:20:45 UTC] PHP Warning:  mysql_real_escape_string(): A link to the server could not be established in /var/www/htdocs/index.php on line 59
[29-Sep-2015 05:20:45 UTC] PHP Warning:  mysql_query(): Access denied for user ''@'localhost' (using password: NO) in /var/www/htdocs/index.php on line 61
[29-Sep-2015 05:20:45 UTC] PHP Warning:  mysql_query(): A link to the server could not be established in /var/www/htdocs/index.php on line 61
[29-Sep-2015 05:20:45 UTC] PHP Warning:  mysql_num_rows() expects parameter 1 to be resource, boolean given in /var/www/htdocs/index.php on line 63
[29-Sep-2015 05:27:12 UTC] PHP Parse error:  syntax error, unexpected '<' in /var/www/htdocs/index.php on line 48
[29-Sep-2015 05:27:16 UTC] PHP Parse error:  syntax error, unexpected '<' in /var/www/htdocs/index.php on line 48
[29-Sep-2015 05:29:38 UTC] PHP Notice:  Undefined variable: dbhost in /var/www/htdocs/index.php on line 4
[29-Sep-2015 05:29:38 UTC] PHP Notice:  Undefined variable: dbuser in /var/www/htdocs/index.php on line 4
[29-Sep-2015 05:29:38 UTC] PHP Notice:  Undefined variable: dbpass in /var/www/htdocs/index.php on line 4
[29-Sep-2015 05:29:38 UTC] PHP Warning:  mysql_connect(): Access denied for user ''@'localhost' (using password: NO) in /var/www/htdocs/index.php on line 4
[29-Sep-2015 05:30:23 UTC] PHP Notice:  Undefined variable: dbhost in /var/www/htdocs/index.php on line 4
[29-Sep-2015 05:30:23 UTC] PHP Notice:  Undefined variable: dbuser in /var/www/htdocs/index.php on line 4
[29-Sep-2015 05:30:23 UTC] PHP Notice:  Undefined variable: dbpass in /var/www/htdocs/index.php on line 4
[29-Sep-2015 05:30:23 UTC] PHP Warning:  mysql_connect(): Access denied for user ''@'localhost' (using password: NO) in /var/www/htdocs/index.php on line 4
[29-Sep-2015 05:30:38 UTC] PHP Notice:  Undefined variable: dbhost in /var/www/htdocs/index.php on line 4
[29-Sep-2015 05:30:38 UTC] PHP Notice:  Undefined variable: dbuser in /var/www/htdocs/index.php on line 4
[29-Sep-2015 05:30:38 UTC] PHP Notice:  Undefined variable: dbpass in /var/www/htdocs/index.php on line 4
[29-Sep-2015 05:30:38 UTC] PHP Warning:  mysql_connect(): Access denied for user ''@'localhost' (using password: NO) in /var/www/htdocs/index.php on line 4
[29-Sep-2015 05:33:12 UTC] PHP Notice:  Array to string conversion in /var/www/htdocs/index.php on line 62
[29-Sep-2015 05:33:36 UTC] PHP Notice:  Array to string conversion in /var/www/htdocs/index.php on line 62
[29-Sep-2015 05:40:25 UTC] PHP Warning:  mysql_num_rows() expects parameter 1 to be resource, boolean given in /var/www/htdocs/index.php on line 60
[29-Sep-2015 05:40:31 UTC] PHP Warning:  mysql_num_rows() expects parameter 1 to be resource, boolean given in /var/www/htdocs/index.php on line 60
[29-Sep-2015 05:42:08 UTC] PHP Warning:  mysql_num_rows() expects parameter 1 to be resource, boolean given in /var/www/htdocs/index.php on line 60
[29-Sep-2015 05:44:56 UTC] PHP Parse error:  syntax error, unexpected '$username' (T_VARIABLE) in /var/www/htdocs/index.php on line 58
[29-Sep-2015 05:45:56 UTC] PHP Warning:  mysql_num_rows() expects parameter 1 to be resource, boolean given in /var/www/htdocs/index.php on line 60
[29-Sep-2015 05:46:22 UTC] PHP Warning:  mysql_num_rows() expects parameter 1 to be resource, boolean given in /var/www/htdocs/index.php on line 60
[12-Oct-2015 10:52:55 UTC] PHP Notice:  Undefined index: WebsiteID in /var/www/htdocs/working_panel.php on line 44
[12-Oct-2015 10:52:55 UTC] PHP Notice:  Undefined index: CompID in /var/www/htdocs/working_panel.php on line 45
[12-Oct-2015 10:52:56 UTC] PHP Notice:  Undefined index: WebsiteID in /var/www/htdocs/working_panel.php on line 44
[12-Oct-2015 10:52:56 UTC] PHP Notice:  Undefined index: CompID in /var/www/htdocs/working_panel.php on line 45
[12-Oct-2015 10:55:15 UTC] PHP Notice:  Undefined index: WebsiteID in /var/www/htdocs/working_panel.php on line 44
[12-Oct-2015 10:55:15 UTC] PHP Notice:  Undefined index: CompID in /var/www/htdocs/working_panel.php on line 45
[12-Oct-2015 10:57:32 UTC] PHP Notice:  Undefined index: CompID in /var/www/htdocs/working_panel.php on line 45
[12-Oct-2015 10:57:36 UTC] PHP Notice:  Undefined index: CompID in /var/www/htdocs/working_panel.php on line 45
[12-Oct-2015 10:58:43 UTC] PHP Notice:  Undefined index: CompID in /var/www/htdocs/working_panel.php on line 45
[12-Oct-2015 11:01:50 UTC] PHP Notice:  Undefined index: CompID in /var/www/htdocs/working_panel.php on line 46
[12-Oct-2015 11:02:54 UTC] PHP Notice:  Undefined index: CompID in /var/www/htdocs/working_panel.php on line 46
[12-Oct-2015 11:03:38 UTC] PHP Notice:  Undefined index: CompID in /var/www/htdocs/working_panel.php on line 45
[12-Oct-2015 11:04:52 UTC] PHP Notice:  Undefined index: CompID in /var/www/htdocs/working_panel.php on line 45
[12-Oct-2015 11:04:52 UTC] PHP Notice:  Undefined variable: webID in /var/www/htdocs/working_panel.php on line 46
[12-Oct-2015 11:11:59 UTC] PHP Notice:  Undefined variable: _SESSION in /var/www/htdocs/working_panel.php on line 52
[12-Oct-2015 11:12:43 UTC] PHP Notice:  Undefined variable: _SESSION in /var/www/htdocs/working_panel.php on line 52
[12-Oct-2015 11:15:05 UTC] PHP Notice:  Undefined variable: _SESSION in /var/www/htdocs/working_panel.php on line 52
[12-Oct-2015 11:20:12 UTC] PHP Notice:  Undefined variable: _SESSION in /var/www/htdocs/working_panel.php on line 52
[12-Oct-2015 11:34:33 UTC] PHP Notice:  Undefined variable: _SESSION in /var/www/htdocs/working_panel.php on line 52
[12-Oct-2015 11:39:20 UTC] PHP Notice:  Undefined variable: _SESSION in /var/www/htdocs/index.php on line 155
[12-Oct-2015 11:39:20 UTC] PHP Notice:  Undefined variable: _SESSION in /var/www/htdocs/index.php on line 155
[12-Oct-2015 11:39:26 UTC] PHP Notice:  Undefined variable: _SESSION in /var/www/htdocs/index.php on line 155
[12-Oct-2015 11:48:25 UTC] PHP Notice:  Undefined variable: _SESSION in /var/www/htdocs/working_panel.php on line 52
[12-Oct-2015 11:49:12 UTC] PHP Parse error:  syntax error, unexpected 'isset' (T_ISSET), expecting ',' or ';' in /var/www/htdocs/working_panel.php on line 53
[12-Oct-2015 11:49:19 UTC] PHP Parse error:  syntax error, unexpected 'isset' (T_ISSET), expecting ',' or ';' in /var/www/htdocs/working_panel.php on line 53
[12-Oct-2015 11:49:34 UTC] PHP Parse error:  syntax error, unexpected 'isset' (T_ISSET), expecting ',' or ';' in /var/www/htdocs/working_panel.php on line 53
[12-Oct-2015 11:49:36 UTC] PHP Parse error:  syntax error, unexpected 'isset' (T_ISSET), expecting ',' or ';' in /var/www/htdocs/working_panel.php on line 53
[12-Oct-2015 11:49:38 UTC] PHP Parse error:  syntax error, unexpected 'isset' (T_ISSET), expecting ',' or ';' in /var/www/htdocs/working_panel.php on line 53
[12-Oct-2015 11:49:43 UTC] PHP Parse error:  syntax error, unexpected 'isset' (T_ISSET), expecting ',' or ';' in /var/www/htdocs/working_panel.php on line 53
[12-Oct-2015 11:49:43 UTC] PHP Parse error:  syntax error, unexpected 'isset' (T_ISSET), expecting ',' or ';' in /var/www/htdocs/working_panel.php on line 53
[12-Oct-2015 11:49:57 UTC] PHP Parse error:  syntax error, unexpected 'isset' (T_ISSET), expecting ',' or ';' in /var/www/htdocs/working_panel.php on line 53
[12-Oct-2015 11:50:26 UTC] PHP Notice:  Undefined variable: _SESSION in /var/www/htdocs/working_panel.php on line 52
[12-Oct-2015 11:53:25 UTC] PHP Notice:  Undefined variable: _SESSION in /var/www/htdocs/working_panel.php on line 52
[12-Oct-2015 11:54:05 UTC] PHP Notice:  Undefined variable: _SESSION in /var/www/htdocs/working_panel.php on line 52
[12-Oct-2015 11:57:28 UTC] PHP Notice:  Undefined variable: _SESSION in /var/www/htdocs/index.php on line 46
[12-Oct-2015 11:57:30 UTC] PHP Notice:  Undefined variable: _SESSION in /var/www/htdocs/index.php on line 46
[12-Oct-2015 11:57:42 UTC] PHP Notice:  Undefined variable: _SESSION in /var/www/htdocs/index.php on line 46
[12-Oct-2015 11:58:56 UTC] PHP Notice:  Undefined variable: _SESSION in /var/www/htdocs/index.php on line 156
[12-Oct-2015 11:59:01 UTC] PHP Notice:  Undefined variable: _SESSION in /var/www/htdocs/index.php on line 156
[12-Oct-2015 12:01:31 UTC] PHP Warning:  require(): http:// wrapper is disabled in the server configuration by allow_url_include=0 in /var/www/htdocs/index.php on line 2
[12-Oct-2015 12:01:31 UTC] PHP Warning:  require(http://deco1800-g49.uqcloud.net/base.php): failed to open stream: no suitable wrapper could be found in /var/www/htdocs/index.php on line 2
[12-Oct-2015 12:01:31 UTC] PHP Fatal error:  require(): Failed opening required 'http://deco1800-g49.uqcloud.net/base.php' (include_path='.:/opt/local/lib/php') in /var/www/htdocs/index.php on line 2
[12-Oct-2015 12:01:36 UTC] PHP Warning:  require(): http:// wrapper is disabled in the server configuration by allow_url_include=0 in /var/www/htdocs/index.php on line 2
[12-Oct-2015 12:01:36 UTC] PHP Warning:  require(http://deco1800-g49.uqcloud.net/base.php): failed to open stream: no suitable wrapper could be found in /var/www/htdocs/index.php on line 2
[12-Oct-2015 12:01:36 UTC] PHP Fatal error:  require(): Failed opening required 'http://deco1800-g49.uqcloud.net/base.php' (include_path='.:/opt/local/lib/php') in /var/www/htdocs/index.php on line 2
[12-Oct-2015 12:01:40 UTC] PHP Warning:  require(): http:// wrapper is disabled in the server configuration by allow_url_include=0 in /var/www/htdocs/index.php on line 2
[12-Oct-2015 12:01:40 UTC] PHP Warning:  require(http://deco1800-g49.uqcloud.net/base.php): failed to open stream: no suitable wrapper could be found in /var/www/htdocs/index.php on line 2
[12-Oct-2015 12:01:40 UTC] PHP Fatal error:  require(): Failed opening required 'http://deco1800-g49.uqcloud.net/base.php' (include_path='.:/opt/local/lib/php') in /var/www/htdocs/index.php on line 2
[12-Oct-2015 12:01:50 UTC] PHP Warning:  require(): http:// wrapper is disabled in the server configuration by allow_url_include=0 in /var/www/htdocs/index.php on line 2
[12-Oct-2015 12:01:50 UTC] PHP Warning:  require(http://deco1800-g49.uqcloud.net/base.php): failed to open stream: no suitable wrapper could be found in /var/www/htdocs/index.php on line 2
[12-Oct-2015 12:01:50 UTC] PHP Fatal error:  require(): Failed opening required 'http://deco1800-g49.uqcloud.net/base.php' (include_path='.:/opt/local/lib/php') in /var/www/htdocs/index.php on line 2
[12-Oct-2015 12:01:50 UTC] PHP Warning:  require(): http:// wrapper is disabled in the server configuration by allow_url_include=0 in /var/www/htdocs/index.php on line 2
[12-Oct-2015 12:01:50 UTC] PHP Warning:  require(http://deco1800-g49.uqcloud.net/base.php): failed to open stream: no suitable wrapper could be found in /var/www/htdocs/index.php on line 2
[12-Oct-2015 12:01:50 UTC] PHP Fatal error:  require(): Failed opening required 'http://deco1800-g49.uqcloud.net/base.php' (include_path='.:/opt/local/lib/php') in /var/www/htdocs/index.php on line 2
[12-Oct-2015 12:03:03 UTC] PHP Notice:  Undefined variable: _SESSION in /var/www/htdocs/index.php on line 156
[12-Oct-2015 12:03:23 UTC] PHP Notice:  Undefined variable: _SESSION in /var/www/htdocs/index.php on line 155
[12-Oct-2015 12:03:38 UTC] PHP Warning:  require(): http:// wrapper is disabled in the server configuration by allow_url_include=0 in /var/www/htdocs/index.php on line 2
[12-Oct-2015 12:03:38 UTC] PHP Warning:  require(http://deco1800-g49.uqcloud.net/base.php): failed to open stream: no suitable wrapper could be found in /var/www/htdocs/index.php on line 2
[12-Oct-2015 12:03:38 UTC] PHP Fatal error:  require(): Failed opening required 'http://deco1800-g49.uqcloud.net/base.php' (include_path='.:/opt/local/lib/php') in /var/www/htdocs/index.php on line 2
